<?xml version="1.0" encoding="UTF-8"?>
<CISDocument>
	<ResponseHeader>
		<CompletedSuccessfully>true</CompletedSuccessfully>
	</ResponseHeader>
	<Load>
		<SystemLoadID>80197</SystemLoadID>
		<FreightTermsEnumVal>FT_PRE_PAID</FreightTermsEnumVal>
		<CurrencyCode>USD</CurrencyCode>
		<ExchangeRate>1</ExchangeRate>
		<SystemUnitOfMeasureEnumVal>UMS_IMPERIAL</SystemUnitOfMeasureEnumVal>
		<WeightUnitOfMeasureEnumVal>UMW_LB</WeightUnitOfMeasureEnumVal>
		<LengthUnitOfMeasureEnumVal>UML_FT</LengthUnitOfMeasureEnumVal>
		<DistanceUnitOfMeasureEnumVal>UMD_MILES</DistanceUnitOfMeasureEnumVal>
		<SystemCalculatedAmount>30.57</SystemCalculatedAmount>
		<DiscountAmount>0</DiscountAmount>
		<ChargedAmount>30.57</ChargedAmount>
		<FederalTaxAmount>0</FederalTaxAmount>
		<StateTaxAmount>0</StateTaxAmount>
		<LocalTaxAmount>0</LocalTaxAmount>
		<AdditionalChargesAmount>0</AdditionalChargesAmount>
		<PreconsolidatedAmount>0</PreconsolidatedAmount>
		<TotalScaledWeight>800</TotalScaledWeight>
		<TotalVolume>0</TotalVolume>
		<TotalVrderValue>0</TotalVrderValue>
		<TotalDeclaredValue>0</TotalDeclaredValue>
		<TotalNominalWeight>0</TotalNominalWeight>
		<TotalTareWeight>0</TotalTareWeight>
		<TotalPieces>0</TotalPieces>
		<TotalSkids>800</TotalSkids>
		<TotalFlexibleQuantity1>0</TotalFlexibleQuantity1>
		<TotalFlexibleQuantity2>0</TotalFlexibleQuantity2>
		<TotalFlexibleQuantity3>0</TotalFlexibleQuantity3>
		<TotalFlexibleQuantity4>0</TotalFlexibleQuantity4>
		<TotalFlexibleQuantity5>0</TotalFlexibleQuantity5>
		<CurrentLoadOperationalStatusEnumVal>S_OPEN</CurrentLoadOperationalStatusEnumVal>
		<CurrentLoadFinancialStatusEnumVal>S_F_INELIGIBLE</CurrentLoadFinancialStatusEnumVal>
		<CreatedDateTime>2017-01-02T02:06:27</CreatedDateTime>
		<LoadScheduledDateTime>2017-01-02T02:06:27</LoadScheduledDateTime>
		<UpdatedDateTime>2017-01-02T02:06:35</UpdatedDateTime>
		<RatedDateTime>2018-02-22T11:54:36</RatedDateTime>
		<EligibleForContinuousMovesFlag>true</EligibleForContinuousMovesFlag>
		<LoadSequenceNumber>0</LoadSequenceNumber>
		<MaximumWaitHoursAtStop>0</MaximumWaitHoursAtStop>
		<TotalWaitHoursForLoad>0</TotalWaitHoursForLoad>
		<ElapsedHours>0.9</ElapsedHours>
		<TotalDrivingHours>0.9</TotalDrivingHours>
		<TotalOnDutyHours>0.9</TotalOnDutyHours>
		<TotalOffDutyHours>0</TotalOffDutyHours>
		<TotalLoadingHours>0</TotalLoadingHours>
		<TotalUnloadingHours>0</TotalUnloadingHours>
		<WeekendHolidayBreakHours>0</WeekendHolidayBreakHours>
		<LoadStartDateTime>2018-08-06T09:06:00</LoadStartDateTime>
		<LoadEndDateTime>2018-08-06T10:00:00</LoadEndDateTime>
		<EquipmentTypeCode>*DFT</EquipmentTypeCode>
		<CarrierCommittedFlag>false</CarrierCommittedFlag>
		<CountOfShipmentLegsWithCarrierCommitted>0</CountOfShipmentLegsWithCarrierCommitted>
		<ServiceCommittedFlag>false</ServiceCommittedFlag>
		<CountOfShipmentLegsWithServiceCommitted>0</CountOfShipmentLegsWithServiceCommitted>
		<EquipmentTypeCommittedFlag>false</EquipmentTypeCommittedFlag>
		<CountOfShipmentLegsWithEquipmentTypeCommitted>0</CountOfShipmentLegsWithEquipmentTypeCommitted>
		<BillToCustomerCode>PCUST1</BillToCustomerCode>
		<FarPointStopID>153706</FarPointStopID>
		<DirectDistance>49.2</DirectDistance>
		<OutOfRouteDistance>0</OutOfRouteDistance>
		<LoadedDistance>49.2</LoadedDistance>
		<TotalUnloadedDistance>0</TotalUnloadedDistance>
		<InTransitUnloadedDistance>0</InTransitUnloadedDistance>
		<InitialRepositioningDistance>0</InitialRepositioningDistance>
		<ReturnToOriginDistance>0</ReturnToOriginDistance>
		<TotalDistance>49.2</TotalDistance>
		<FixedItineraryDistance>49.5</FixedItineraryDistance>
		<FixedItineraryDistanceUnitOfMeasureEnumVal>UMD_KMS</FixedItineraryDistanceUnitOfMeasureEnumVal>
		<NonLivePickupFlag>false</NonLivePickupFlag>
		<NonLiveDropOffFlag>false</NonLiveDropOffFlag>
		<ActualChargedAmount>30.57</ActualChargedAmount>
		<ActualCurrencyType>USD</ActualCurrencyType>
		<DivisionCode>PMD</DivisionCode>
		<LogisticsGroupCode>PMLG</LogisticsGroupCode>
		<CarrierCode>PCARR_TRIP_4633</CarrierCode>
		<ServiceCode>TL</ServiceCode>
		<SystemPlanID>2014</SystemPlanID>
		<CreatedByUserCode>PM</CreatedByUserCode>
		<UpdatedByUserCode>PM</UpdatedByUserCode>
		<RouteOriginZoneCode>ZONE_1</RouteOriginZoneCode>
		<RouteDestinationZoneCode>ZONE_2</RouteDestinationZoneCode>
		<CustomerCode>PCUST1</CustomerCode>
		<CustomerName>PM Customer</CustomerName>
		<CostCenterCode>*DFT</CostCenterCode>
		<LoadCompositionApprovedFlag>false</LoadCompositionApprovedFlag>
		<SchedulingActiveFlag>true</SchedulingActiveFlag>
		<TariffID>11234</TariffID>
		<RateCode>*</RateCode>
		<PreBuiltLoadFlag>false</PreBuiltLoadFlag>
		<LastRatedTariffID>11234</LastRatedTariffID>
		<CarrierSoftCommittedFlag>false</CarrierSoftCommittedFlag>
		<ServiceSoftCommittedFlag>false</ServiceSoftCommittedFlag>
		<PlanningStatusEnumVal>PLNGSTS_LOCKED</PlanningStatusEnumVal>
		<NumberOfStops>2</NumberOfStops>
		<NumberOfBillableStops>0</NumberOfBillableStops>
		<NumberOfPrimaryStops>2</NumberOfPrimaryStops>
		<NumberOfBillablePrimaryStops>0</NumberOfBillablePrimaryStops>
		<RatingValidFlag>true</RatingValidFlag>
		<SuspendedFunctionEnumVal>SUSP_NOT_SUSPENDED</SuspendedFunctionEnumVal>
		<SenderTenderContact>
			<LoadTenderContactTypeEnumVal>LDTDRCNTC_NULL</LoadTenderContactTypeEnumVal>
		</SenderTenderContact>
		<CarrierTenderContact>
			<LoadTenderContactTypeEnumVal>LDTDRCNTC_NULL</LoadTenderContactTypeEnumVal>
		</CarrierTenderContact>
		<Memo />
		<DomicileTractorCommittedFlag>false</DomicileTractorCommittedFlag>
		<DomicileTrailerCommittedFlag>false</DomicileTrailerCommittedFlag>
		<TractorEquipmentTypeCommittedFlag>false</TractorEquipmentTypeCommittedFlag>
		<CountOfShipmentLegsWithTractorEquipmentTypeCommitted>0</CountOfShipmentLegsWithTractorEquipmentTypeCommitted>
		<InTransitTotalUnloadedDistance>0</InTransitTotalUnloadedDistance>
		<UnloadedDistance>0</UnloadedDistance>
		<ExtendedWeightDistance>19.8</ExtendedWeightDistance>
		<EffectiveRatingDate>2018-08-06</EffectiveRatingDate>
		<NonLivePickUpOverrideStatusEnumVal>NONLIVECTL_NONE</NonLivePickUpOverrideStatusEnumVal>
		<NonLiveDropOffOverrideStatusEnumVal>NONLIVECTL_NONE</NonLiveDropOffOverrideStatusEnumVal>
		<EligibleForContinuationOverrideStatusEnumVal>NONLIVECTL_NONE</EligibleForContinuationOverrideStatusEnumVal>
		<BookingServiceEnumVal>BKGSRVC_NULL</BookingServiceEnumVal>
		<DepartureShippingLocationTypeEnumVal>SPT_NULL</DepartureShippingLocationTypeEnumVal>
		<ArrivalShippingLocationTypeEnumVal>SPT_NULL</ArrivalShippingLocationTypeEnumVal>
		<PrimaryScheduleCommittedFlag>false</PrimaryScheduleCommittedFlag>
		<RelatedDepartureShippingLocationTypeEnumVal>SPT_NULL</RelatedDepartureShippingLocationTypeEnumVal>
		<TripEntityTypeEnumVal>TRIPENTY_NULL</TripEntityTypeEnumVal>
		<StopsBuiltFlag>true</StopsBuiltFlag>
		<HeadLoadCounter>0</HeadLoadCounter>
		<NumberOfShipments>1</NumberOfShipments>
		<CommodityCommittedFlag>false</CommodityCommittedFlag>
		<LoadSourceEnumVal>SOURCE_MANUAL</LoadSourceEnumVal>
		<CarrierSequentialTenderStatusEnumVal>CST_INITIAL</CarrierSequentialTenderStatusEnumVal>
		<DisplayStatusEnumVal>DSTS_LL_D_OPEN</DisplayStatusEnumVal>
		<SpotRateFlag>false</SpotRateFlag>
		<TotalLadenLength>0</TotalLadenLength>
		<TotalNumberOfShipments>1</TotalNumberOfShipments>
		<TotalTotalPieces>0</TotalTotalPieces>
		<TotalTotalPallets>800</TotalTotalPallets>
		<MaximumUtilizationPercent>0</MaximumUtilizationPercent>
		<WeightUtilizationPercent>0</WeightUtilizationPercent>
		<VolumeUtilizationPercent>0</VolumeUtilizationPercent>
		<PiecesUtilizationPercent>0</PiecesUtilizationPercent>
		<PalletsUtilizationPercent>0</PalletsUtilizationPercent>
		<LadenLengthUtilizationPercent>0</LadenLengthUtilizationPercent>
		<TripTariffSavingsBasisEnumVal>TRIP_SAV_NULL</TripTariffSavingsBasisEnumVal>
		<TripComparativeLoadCostInformation>
			<SystemUnitOfMeasureEnumVal>UMS_NULL</SystemUnitOfMeasureEnumVal>
			<WeightUnitOfMeasureEnumVal>UMW_NULL</WeightUnitOfMeasureEnumVal>
			<LengthUnitOfMeasureEnumVal>UML_NULL</LengthUnitOfMeasureEnumVal>
			<DistanceUnitOfMeasureEnumVal>UMD_NULL</DistanceUnitOfMeasureEnumVal>
		</TripComparativeLoadCostInformation>
		<ShipmentLeg>
			<SystemShipmentLegID>100181697</SystemShipmentLegID>
			<StandAloneShipmentLegFlag>false</StandAloneShipmentLegFlag>
			<SystemShipmentID>154917</SystemShipmentID>
			<ShipmentNumber>SHPMCONTUPD-LOADSUS</ShipmentNumber>
			<SystemLoadID>80197</SystemLoadID>
			<ShipmentSequenceNumber>100</ShipmentSequenceNumber>
			<ShipmentConsolidationClassCode>DRY</ShipmentConsolidationClassCode>
			<FreightTermsEnumVal>FT_PRE_PAID</FreightTermsEnumVal>
			<PickSequenceNumber>0</PickSequenceNumber>
			<PickStopSequenceNumber>1</PickStopSequenceNumber>
			<ShipFromLocationTypeEnumVal>SFT_LA</ShipFromLocationTypeEnumVal>
			<ShipFromLocationCode>PLOADAT1</ShipFromLocationCode>
			<ShipFromLocationName>PM Load At</ShipFromLocationName>
			<DeliverySequenceNumber>1</DeliverySequenceNumber>
			<DeliveryStopSequenceNumber>2</DeliveryStopSequenceNumber>
			<ShipToLocationTypeEnumVal>STT_CONSIGNEE</ShipToLocationTypeEnumVal>
			<ShipToLocationCode>PCONS1</ShipToLocationCode>
			<ShipToLocationName>PM Consignee 1</ShipToLocationName>
			<CurrencyCode>USD</CurrencyCode>
			<ExchangeRate>1</ExchangeRate>
			<SystemUnitOfMeasureEnumVal>UMS_IMPERIAL</SystemUnitOfMeasureEnumVal>
			<WeightUnitOfMeasureEnumVal>UMW_LB</WeightUnitOfMeasureEnumVal>
			<LengthUnitOfMeasureEnumVal>UML_FT</LengthUnitOfMeasureEnumVal>
			<DistanceUnitOfMeasureEnumVal>UMD_MILES</DistanceUnitOfMeasureEnumVal>
			<SystemCalculatedAmount>30.57</SystemCalculatedAmount>
			<DiscountAmount>0</DiscountAmount>
			<ChargedAmount>30.57</ChargedAmount>
			<FederalTaxAmount>0</FederalTaxAmount>
			<StateTaxAmount>0</StateTaxAmount>
			<LocalTaxAmount>0</LocalTaxAmount>
			<AdditionalChargesAmount>0</AdditionalChargesAmount>
			<PreconsolidatedAmount>0</PreconsolidatedAmount>
			<ScaledWeight>800</ScaledWeight>
			<Volume>0</Volume>
			<OrderValue>0</OrderValue>
			<DeclaredValue>0</DeclaredValue>
			<NominalWeight>800</NominalWeight>
			<TareWeight>0</TareWeight>
			<Pieces>0</Pieces>
			<Skids>800</Skids>
			<FlexibleQuantity1>0</FlexibleQuantity1>
			<FlexibleQuantity2>0</FlexibleQuantity2>
			<FlexibleQuantity3>0</FlexibleQuantity3>
			<FlexibleQuantity4>0</FlexibleQuantity4>
			<FlexibleQuantity5>0</FlexibleQuantity5>
			<CurrentShipmentLegOperationalStatusEnumVal>S_PROC</CurrentShipmentLegOperationalStatusEnumVal>
			<ComputedDateTimeOfPickArrival>2018-08-06T09:06:00</ComputedDateTimeOfPickArrival>
			<ComputedDateTimeOfPickDeparture>2018-08-06T09:06:00</ComputedDateTimeOfPickDeparture>
			<ComputedDateTimeOfDropArrival>2018-08-06T10:00:00</ComputedDateTimeOfDropArrival>
			<ComputedDateTimeOfDropDeparture>2018-08-06T10:00:00</ComputedDateTimeOfDropDeparture>
			<DivisionCode>PMD</DivisionCode>
			<LogisticsGroupCode>PMLG</LogisticsGroupCode>
			<TotalDistance>0</TotalDistance>
			<NonLivePickupFlag>false</NonLivePickupFlag>
			<NonLiveDropOffFlag>false</NonLiveDropOffFlag>
			<EquipmentTypeCommittedFlag>false</EquipmentTypeCommittedFlag>
			<TractorEquipmentTypeCommittedFlag>false</TractorEquipmentTypeCommittedFlag>
			<ContainerTrackingFlag>false</ContainerTrackingFlag>
			<CommodityPickSequenceNumber>0</CommodityPickSequenceNumber>
			<TransitModeEnumVal>TSM_NULL</TransitModeEnumVal>
			<TransitModeCommittedFlag>false</TransitModeCommittedFlag>
			<CustomerName>PM Customer</CustomerName>
			<OnHoldFlag>false</OnHoldFlag>
			<RatingValidFlag>false</RatingValidFlag>
			<SuspendedFlag>false</SuspendedFlag>
			<CarrierCommittedFlag>false</CarrierCommittedFlag>
			<ServiceCommittedFlag>false</ServiceCommittedFlag>
			<ScheduleActiveFlag>true</ScheduleActiveFlag>
			<HeadLoadFlag>false</HeadLoadFlag>
			<PickupArrivalDateTime>2018-08-06T09:06:00</PickupArrivalDateTime>
			<PickupDepartureDateTime>2018-08-06T09:06:00</PickupDepartureDateTime>
			<DropArrivalDateTime>2018-08-06T10:00:00</DropArrivalDateTime>
			<DropDepartureDateTime>2018-08-06T10:00:00</DropDepartureDateTime>
			<PickupDateSourceEnumVal>DSRC_COMPUTED</PickupDateSourceEnumVal>
			<DropDateSourceEnumVal>DSRC_COMPUTED</DropDateSourceEnumVal>
			<DisplayStatusEnumVal>DSTS_SL_D_PROCESSING</DisplayStatusEnumVal>
			<CurrentShipmentLegFinancialStatusEnumVal>SL_F_INELIGIBLE</CurrentShipmentLegFinancialStatusEnumVal>
			<WeekendHolidayBreakHours>0</WeekendHolidayBreakHours>
			<SystemPlanID>2014</SystemPlanID>
			<ShipmentDescription>Load is sus as it is outside tol limits</ShipmentDescription>
			<ShipFromAddress>
				<Block>80</Block>
				<Street>WHITEHALL DRIVE</Street>
				<City>MARKHAM</City>
				<State>ON</State>
				<CountryCode>CAN</CountryCode>
				<PostalCode>L3R0P3</PostalCode>
				<Latitude>43.8581</Latitude>
				<Longitude>-79.3439</Longitude>
				<GeoCodeOverridenFlag>false</GeoCodeOverridenFlag>
				<GeoCodeRecalculateFlag>false</GeoCodeRecalculateFlag>
				<ResidentialFlag>false</ResidentialFlag>
			</ShipFromAddress>
			<ShipToAddress>
				<Block>247</Block>
				<Street>APPLE BY LINE</Street>
				<City>BURLINGTON</City>
				<State>ON</State>
				<CountryCode>CAN</CountryCode>
				<PostalCode>L7L2X4</PostalCode>
				<Latitude>43.3619</Latitude>
				<Longitude>-79.7469</Longitude>
				<GeoCodeOverridenFlag>false</GeoCodeOverridenFlag>
				<GeoCodeRecalculateFlag>false</GeoCodeRecalculateFlag>
				<ResidentialFlag>false</ResidentialFlag>
			</ShipToAddress>
			<DivertedFlag>false</DivertedFlag>
			<MITCCStrategyEnumVal>MITCC_NULL</MITCCStrategyEnumVal>
			<ShipmentPriority>0</ShipmentPriority>
			<SystemPickStopID>153705</SystemPickStopID>
			<SystemDropStopID>153706</SystemDropStopID>
			<Memo />
		</ShipmentLeg>
		<Stop>
			<SystemStopID>153705</SystemStopID>
			<SystemLoadID>80197</SystemLoadID>
			<StopSequenceNumber>1</StopSequenceNumber>
			<CountOfShipmentsPickedAtStop>1</CountOfShipmentsPickedAtStop>
			<CountOfShipmentsDroppedAtStop>0</CountOfShipmentsDroppedAtStop>
			<ShippingLocationTypeEnumVal>SPT_LA</ShippingLocationTypeEnumVal>
			<ActualDateTimeOfArrival>2018-08-06T09:06:00</ActualDateTimeOfArrival>
			<ActualDateTimeOfDeparture>2018-08-06T09:06:00</ActualDateTimeOfDeparture>
			<PickConfirmedFlag>false</PickConfirmedFlag>
			<Address>
				<Block>80</Block>
				<Street>WHITEHALL DRIVE</Street>
				<City>MARKHAM</City>
				<State>ON</State>
				<CountryCode>CAN</CountryCode>
				<PostalCode>L3R0P3</PostalCode>
				<Latitude>43.8581</Latitude>
				<Longitude>-79.3439</Longitude>
				<GeoCodeOverridenFlag>false</GeoCodeOverridenFlag>
				<GeoCodeRecalculateFlag>false</GeoCodeRecalculateFlag>
				<ResidentialFlag>false</ResidentialFlag>
			</Address>
			<ShippingLocationCode>PLOADAT1</ShippingLocationCode>
			<PickShipmentLegID>100181697</PickShipmentLegID>
			<PrimaryShippingLocationCode>PLOADAT1</PrimaryShippingLocationCode>
			<PrimaryShippingLocationTypeEnumVal>SPT_LA</PrimaryShippingLocationTypeEnumVal>
			<WeekendHolidayBreakHours>0</WeekendHolidayBreakHours>
			<WeekendHolidayBreakOrientationEnumVal>WHBO_NULL</WeekendHolidayBreakOrientationEnumVal>
			<LoadingInstructionExistFlag>false</LoadingInstructionExistFlag>
			<LoadingInstruction />
			<Memo />
			<PickedWeight>800</PickedWeight>
			<PickedVolume>0</PickedVolume>
			<PickedOrderValue>0</PickedOrderValue>
			<PickedDeclaredValue>0</PickedDeclaredValue>
			<PickedNominalWeight>0</PickedNominalWeight>
			<PickedTareWeight>0</PickedTareWeight>
			<PickedPieces>0</PickedPieces>
			<PickedSkids>800</PickedSkids>
			<PickedLadenLength>0</PickedLadenLength>
			<PickedFlexibleQuantity1>0</PickedFlexibleQuantity1>
			<PickedFlexibleQuantity2>0</PickedFlexibleQuantity2>
			<PickedFlexibleQuantity3>0</PickedFlexibleQuantity3>
			<PickedFlexibleQuantity4>0</PickedFlexibleQuantity4>
			<PickedFlexibleQuantity5>0</PickedFlexibleQuantity5>
			<DroppedWeight>0</DroppedWeight>
			<DroppedVolume>0</DroppedVolume>
			<DroppedOrderValue>0</DroppedOrderValue>
			<DroppedDeclaredValue>0</DroppedDeclaredValue>
			<DroppedNominalWeight>0</DroppedNominalWeight>
			<DroppedTareWeight>0</DroppedTareWeight>
			<DroppedPieces>0</DroppedPieces>
			<DroppedSkids>0</DroppedSkids>
			<DroppedLadenLength>0</DroppedLadenLength>
			<DroppedFlexibleQuantity1>0</DroppedFlexibleQuantity1>
			<DroppedFlexibleQuantity2>0</DroppedFlexibleQuantity2>
			<DroppedFlexibleQuantity3>0</DroppedFlexibleQuantity3>
			<DroppedFlexibleQuantity4>0</DroppedFlexibleQuantity4>
			<DroppedFlexibleQuantity5>0</DroppedFlexibleQuantity5>
			<DistanceFromPreviousStop>0</DistanceFromPreviousStop>
			<TransitTimeFromPreviousStop>0</TransitTimeFromPreviousStop>
			<WaitingHours>0</WaitingHours>
			<LoadingHours>0</LoadingHours>
			<UnloadingHours>0</UnloadingHours>
			<CustomerCode>PCUST1</CustomerCode>
			<CustomerName>PM Customer</CustomerName>
			<DockScheduleStatusEnumVal>DOCK_SCHED_NOT_APP</DockScheduleStatusEnumVal>
			<ShippingLocationName>PM Load At</ShippingLocationName>
			<AppointmentRequiredCounter>0</AppointmentRequiredCounter>
			<LastComputedArrivalDateTime>2018-08-06T09:06:00</LastComputedArrivalDateTime>
			<LastComputedDepartureDateTime>2018-08-06T09:06:00</LastComputedDepartureDateTime>
			<StopStatusEnumVal>SS_PICKUP_PNDG</StopStatusEnumVal>
			<LatestFromPickupDateTime>2018-08-03T10:00:00</LatestFromPickupDateTime>
			<EarliestToPickupDateTime>2018-08-06T10:00:00</EarliestToPickupDateTime>
			<LoadingBufferHours>0</LoadingBufferHours>
			<UnloadingBufferHours>0</UnloadingBufferHours>
			<StopTypeEnumVal>ST_PICKONLY</StopTypeEnumVal>
			<InternalDockScheduleStatusEnumVal>DOCK_SCHED_NOT_APP</InternalDockScheduleStatusEnumVal>
			<CountOfShipments>1</CountOfShipments>
			<ExecutionModeLoadingHours>0</ExecutionModeLoadingHours>
			<ExecutionModeUnloadingHours>0</ExecutionModeUnloadingHours>
			<ExecutionModeWaitingHours>0</ExecutionModeWaitingHours>
			<ExecutionModeWeekendHolidayBreakHours>0</ExecutionModeWeekendHolidayBreakHours>
		</Stop>
		<Stop>
			<SystemStopID>153706</SystemStopID>
			<SystemLoadID>80197</SystemLoadID>
			<StopSequenceNumber>2</StopSequenceNumber>
			<CountOfShipmentsPickedAtStop>0</CountOfShipmentsPickedAtStop>
			<CountOfShipmentsDroppedAtStop>1</CountOfShipmentsDroppedAtStop>
			<ShippingLocationTypeEnumVal>SPT_CONSIGNEE</ShippingLocationTypeEnumVal>
			<ActualDateTimeOfArrival>2018-08-06T10:00:00</ActualDateTimeOfArrival>
			<ActualDateTimeOfDeparture>2018-08-06T10:00:00</ActualDateTimeOfDeparture>
			<PickConfirmedFlag>true</PickConfirmedFlag>
			<Address>
				<Block>247</Block>
				<Street>APPLE BY LINE</Street>
				<City>BURLINGTON</City>
				<State>ON</State>
				<CountryCode>CAN</CountryCode>
				<PostalCode>L7L2X4</PostalCode>
				<Latitude>43.3619</Latitude>
				<Longitude>-79.7469</Longitude>
				<GeoCodeOverridenFlag>false</GeoCodeOverridenFlag>
				<GeoCodeRecalculateFlag>false</GeoCodeRecalculateFlag>
				<ResidentialFlag>false</ResidentialFlag>
			</Address>
			<ShippingLocationCode>PCONS1</ShippingLocationCode>
			<DropShipmentLegID>100181697</DropShipmentLegID>
			<PrimaryShippingLocationCode>PCONS1</PrimaryShippingLocationCode>
			<PrimaryShippingLocationTypeEnumVal>SPT_CONSIGNEE</PrimaryShippingLocationTypeEnumVal>
			<WeekendHolidayBreakHours>0</WeekendHolidayBreakHours>
			<WeekendHolidayBreakOrientationEnumVal>WHBO_NULL</WeekendHolidayBreakOrientationEnumVal>
			<LoadingInstructionExistFlag>false</LoadingInstructionExistFlag>
			<LoadingInstruction />
			<Memo />
			<PickedWeight>0</PickedWeight>
			<PickedVolume>0</PickedVolume>
			<PickedOrderValue>0</PickedOrderValue>
			<PickedDeclaredValue>0</PickedDeclaredValue>
			<PickedNominalWeight>0</PickedNominalWeight>
			<PickedTareWeight>0</PickedTareWeight>
			<PickedPieces>0</PickedPieces>
			<PickedSkids>0</PickedSkids>
			<PickedLadenLength>0</PickedLadenLength>
			<PickedFlexibleQuantity1>0</PickedFlexibleQuantity1>
			<PickedFlexibleQuantity2>0</PickedFlexibleQuantity2>
			<PickedFlexibleQuantity3>0</PickedFlexibleQuantity3>
			<PickedFlexibleQuantity4>0</PickedFlexibleQuantity4>
			<PickedFlexibleQuantity5>0</PickedFlexibleQuantity5>
			<DroppedWeight>800</DroppedWeight>
			<DroppedVolume>0</DroppedVolume>
			<DroppedOrderValue>0</DroppedOrderValue>
			<DroppedDeclaredValue>0</DroppedDeclaredValue>
			<DroppedNominalWeight>0</DroppedNominalWeight>
			<DroppedTareWeight>0</DroppedTareWeight>
			<DroppedPieces>0</DroppedPieces>
			<DroppedSkids>800</DroppedSkids>
			<DroppedLadenLength>0</DroppedLadenLength>
			<DroppedFlexibleQuantity1>0</DroppedFlexibleQuantity1>
			<DroppedFlexibleQuantity2>0</DroppedFlexibleQuantity2>
			<DroppedFlexibleQuantity3>0</DroppedFlexibleQuantity3>
			<DroppedFlexibleQuantity4>0</DroppedFlexibleQuantity4>
			<DroppedFlexibleQuantity5>0</DroppedFlexibleQuantity5>
			<DistanceFromPreviousStop>49.5</DistanceFromPreviousStop>
			<TransitTimeFromPreviousStop>0.9</TransitTimeFromPreviousStop>
			<WaitingHours>0</WaitingHours>
			<LoadingHours>0</LoadingHours>
			<UnloadingHours>0</UnloadingHours>
			<CustomerCode>PCUST1</CustomerCode>
			<CustomerName>PM Customer</CustomerName>
			<DockScheduleStatusEnumVal>DOCK_SCHED_NOT_APP</DockScheduleStatusEnumVal>
			<ShippingLocationName>PM Consignee 1</ShippingLocationName>
			<AppointmentRequiredCounter>0</AppointmentRequiredCounter>
			<LastComputedArrivalDateTime>2018-08-06T10:00:00</LastComputedArrivalDateTime>
			<LastComputedDepartureDateTime>2018-08-06T10:00:00</LastComputedDepartureDateTime>
			<StopStatusEnumVal>SS_DROP_PNDG</StopStatusEnumVal>
			<LatestFromDeliveryDateTime>2018-08-06T10:00:00</LatestFromDeliveryDateTime>
			<EarliestToDeliveryDateTime>2018-08-31T10:00:00</EarliestToDeliveryDateTime>
			<LoadingBufferHours>0</LoadingBufferHours>
			<UnloadingBufferHours>0</UnloadingBufferHours>
			<StopTypeEnumVal>ST_DROPONLY</StopTypeEnumVal>
			<InternalDockScheduleStatusEnumVal>DOCK_SCHED_NOT_APP</InternalDockScheduleStatusEnumVal>
			<CountOfShipments>1</CountOfShipments>
			<ExecutionModeLoadingHours>0</ExecutionModeLoadingHours>
			<ExecutionModeUnloadingHours>0</ExecutionModeUnloadingHours>
			<ExecutionModeWaitingHours>0</ExecutionModeWaitingHours>
			<ExecutionModeWeekendHolidayBreakHours>0</ExecutionModeWeekendHolidayBreakHours>
		</Stop>
		<APCharge>
			<ChargeLevelEnumVal>CHL_SERVICE</ChargeLevelEnumVal>
			<UnitTypeEnumVal>UT_NULL</UnitTypeEnumVal>
			<LookupUnitsEnumVal>UT_NULL</LookupUnitsEnumVal>
			<LookupUnits>0</LookupUnits>
			<ChargeUnits>0</ChargeUnits>
			<ManualOverrideUnits>0</ManualOverrideUnits>
			<ChargedAmount>0</ChargedAmount>
			<DiscountAmount>0</DiscountAmount>
			<ManualOverrideAmount>0</ManualOverrideAmount>
			<TaxAmount>0</TaxAmount>
			<TotalAmount>0</TotalAmount>
			<ChargeSequence>2397990</ChargeSequence>
			<ChargeDetailTypeEnumVal>CDT_ORIGINAL</ChargeDetailTypeEnumVal>
			<AdjustmentLevelEnumVal>CDAL_NULL</AdjustmentLevelEnumVal>
			<StopSequenceNumber>0</StopSequenceNumber>
			<ShippingLocationTypeEnumVal>SPT_NULL</ShippingLocationTypeEnumVal>
			<TripLevelChargeFlag>false</TripLevelChargeFlag>
			<PrePurchasedFlag>false</PrePurchasedFlag>
			<IsTaxFlag>false</IsTaxFlag>
			<OptionsAppliedLevelEnumVal>OAL_NULL</OptionsAppliedLevelEnumVal>
			<RatingUnits>0</RatingUnits>
			<ChargedUnitRate>0</ChargedUnitRate>
			<UnitRate>0</UnitRate>
			<VoucherChargeApprovalStatusEnumVal>APVLSTAT_NULL</VoucherChargeApprovalStatusEnumVal>
			<CustomerChargeGeneratedFlag>false</CustomerChargeGeneratedFlag>
			<RateRange>0</RateRange>
			<PaymentAmount>0</PaymentAmount>
			<CurrentStatusEnumVal>CDS_INELIGIBLE</CurrentStatusEnumVal>
			<OriginalCurrencyCode>USD</OriginalCurrencyCode>
			<OriginalCurrencyExchangeRate>1</OriginalCurrencyExchangeRate>
			<OriginalCurrencyDiscountAmount>0</OriginalCurrencyDiscountAmount>
			<OriginalCurrencyNetAmount>0</OriginalCurrencyNetAmount>
			<TariffID>11234</TariffID>
			<ChargePriority>0</ChargePriority>
			<CreatedByRatingUserCode>PM</CreatedByRatingUserCode>
			<CreatedDateTime>2017-01-02T02:06:35</CreatedDateTime>
		</APCharge>
		<APCharge>
			<ChargeLevelEnumVal>CHL_CONDITION</ChargeLevelEnumVal>
			<UnitTypeEnumVal>UT_DISTANCE</UnitTypeEnumVal>
			<LookupUnitsEnumVal>UT_DISTANCE</LookupUnitsEnumVal>
			<LookupUnits>30.5715</LookupUnits>
			<ChargeUnits>49.2</ChargeUnits>
			<ManualOverrideUnits>49.2</ManualOverrideUnits>
			<ChargedAmount>30.57</ChargedAmount>
			<DiscountAmount>0</DiscountAmount>
			<ManualOverrideAmount>30.57</ManualOverrideAmount>
			<TaxAmount>0</TaxAmount>
			<TotalAmount>30.57</TotalAmount>
			<ChargeSequence>2397991</ChargeSequence>
			<ChargeDetailTypeEnumVal>CDT_ORIGINAL</ChargeDetailTypeEnumVal>
			<AdjustmentLevelEnumVal>CDAL_NULL</AdjustmentLevelEnumVal>
			<ChargeCode>MILE</ChargeCode>
			<FreightClassCode>*FAK</FreightClassCode>
			<RatedAsFreightClassCode>*FAK</RatedAsFreightClassCode>
			<StopSequenceNumber>0</StopSequenceNumber>
			<ShippingLocationTypeEnumVal>SPT_NULL</ShippingLocationTypeEnumVal>
			<TripLevelChargeFlag>false</TripLevelChargeFlag>
			<PrePurchasedFlag>false</PrePurchasedFlag>
			<IsTaxFlag>false</IsTaxFlag>
			<OptionsAppliedLevelEnumVal>OAL_NULL</OptionsAppliedLevelEnumVal>
			<RatingUnits>30.5715</RatingUnits>
			<ChargedUnitRate>1</ChargedUnitRate>
			<UnitRate>1</UnitRate>
			<VoucherChargeApprovalStatusEnumVal>APVLSTAT_NULL</VoucherChargeApprovalStatusEnumVal>
			<CustomerChargeGeneratedFlag>false</CustomerChargeGeneratedFlag>
			<RateRange>999999</RateRange>
			<PaymentAmount>0</PaymentAmount>
			<CurrentStatusEnumVal>CDS_INELIGIBLE</CurrentStatusEnumVal>
			<OriginalCurrencyCode>USD</OriginalCurrencyCode>
			<OriginalCurrencyExchangeRate>1</OriginalCurrencyExchangeRate>
			<OriginalCurrencyDiscountAmount>0</OriginalCurrencyDiscountAmount>
			<OriginalCurrencyNetAmount>30.57</OriginalCurrencyNetAmount>
			<TariffID>11234</TariffID>
			<ChargePriority>1</ChargePriority>
			<CreatedByRatingUserCode>PM</CreatedByRatingUserCode>
			<CreatedDateTime>2017-01-02T02:06:35</CreatedDateTime>
		</APCharge>
		<APCharge>
			<ChargeLevelEnumVal>CHL_TOTAL</ChargeLevelEnumVal>
			<UnitTypeEnumVal>UT_NULL</UnitTypeEnumVal>
			<LookupUnitsEnumVal>UT_NULL</LookupUnitsEnumVal>
			<LookupUnits>0</LookupUnits>
			<ChargeUnits>0</ChargeUnits>
			<ManualOverrideUnits>0</ManualOverrideUnits>
			<ChargedAmount>30.57</ChargedAmount>
			<DiscountAmount>0</DiscountAmount>
			<ManualOverrideAmount>30.57</ManualOverrideAmount>
			<TaxAmount>0</TaxAmount>
			<TotalAmount>30.57</TotalAmount>
			<ChargeSequence>2397992</ChargeSequence>
			<ChargeDetailTypeEnumVal>CDT_ORIGINAL</ChargeDetailTypeEnumVal>
			<AdjustmentLevelEnumVal>CDAL_NULL</AdjustmentLevelEnumVal>
			<StopSequenceNumber>0</StopSequenceNumber>
			<ShippingLocationTypeEnumVal>SPT_NULL</ShippingLocationTypeEnumVal>
			<TripLevelChargeFlag>false</TripLevelChargeFlag>
			<PrePurchasedFlag>false</PrePurchasedFlag>
			<IsTaxFlag>false</IsTaxFlag>
			<OptionsAppliedLevelEnumVal>OAL_NULL</OptionsAppliedLevelEnumVal>
			<RatingUnits>0</RatingUnits>
			<ChargedUnitRate>0</ChargedUnitRate>
			<UnitRate>0</UnitRate>
			<VoucherChargeApprovalStatusEnumVal>APVLSTAT_NULL</VoucherChargeApprovalStatusEnumVal>
			<CustomerChargeGeneratedFlag>false</CustomerChargeGeneratedFlag>
			<RateRange>0</RateRange>
			<PaymentAmount>0</PaymentAmount>
			<CurrentStatusEnumVal>CDS_INELIGIBLE</CurrentStatusEnumVal>
			<OriginalCurrencyCode>USD</OriginalCurrencyCode>
			<OriginalCurrencyExchangeRate>0</OriginalCurrencyExchangeRate>
			<OriginalCurrencyDiscountAmount>0</OriginalCurrencyDiscountAmount>
			<OriginalCurrencyNetAmount>30.57</OriginalCurrencyNetAmount>
			<TariffID>11234</TariffID>
			<ChargePriority>2</ChargePriority>
			<CreatedByRatingUserCode>PM</CreatedByRatingUserCode>
			<CreatedDateTime>2017-01-02T02:06:35</CreatedDateTime>
		</APCharge>
		<LoadScheduleEntry>
			<SystemLoadScheduleEntryID>34380</SystemLoadScheduleEntryID>
			<SequenceNumber>1</SequenceNumber>
			<DepartureShippingLocationCode>PLOADAT1</DepartureShippingLocationCode>
			<DepartureShippingLocationTypeEnumVal>SPT_LA</DepartureShippingLocationTypeEnumVal>
			<DepartureShippingLocationName>PM Load At</DepartureShippingLocationName>
			<DepartureShippingLocationAddressID>169625</DepartureShippingLocationAddressID>
			<DepartureShippingLocationAddress>
				<Block>80</Block>
				<Street>WHITEHALL DRIVE</Street>
				<City>MARKHAM</City>
				<State>ON</State>
				<CountryCode>CAN</CountryCode>
				<PostalCode>L3R0P3</PostalCode>
				<Latitude>43.8581</Latitude>
				<Longitude>-79.3439</Longitude>
				<GeoCodeOverridenFlag>false</GeoCodeOverridenFlag>
				<GeoCodeRecalculateFlag>false</GeoCodeRecalculateFlag>
				<ResidentialFlag>false</ResidentialFlag>
			</DepartureShippingLocationAddress>
			<DepartureCountryCode>CAN</DepartureCountryCode>
			<DepartureState>ON</DepartureState>
			<DepartureCity>MARKHAM</DepartureCity>
			<DeparturePostalCode>L3R0P3</DeparturePostalCode>
			<ArrivalShippingLocationTypeEnumVal>SPT_NULL</ArrivalShippingLocationTypeEnumVal>
			<ArrivalShippingLocationAddress>
				<GeoCodeOverridenFlag>false</GeoCodeOverridenFlag>
				<GeoCodeRecalculateFlag>false</GeoCodeRecalculateFlag>
			</ArrivalShippingLocationAddress>
			<RelatedDepartureShippingLocationTypeEnumVal>SPT_NULL</RelatedDepartureShippingLocationTypeEnumVal>
			<ComputedArrivalDateTime>2018-08-06T09:06:00</ComputedArrivalDateTime>
			<ComputedDepartureDateTime>2018-08-06T09:06:00</ComputedDepartureDateTime>
			<ElapsedHours>0</ElapsedHours>
			<TransferPointHours>0</TransferPointHours>
			<TotalDistance>0</TotalDistance>
			<ItinerarySchedulingMethodEnumVal>ITNRSCHD_NULL</ItinerarySchedulingMethodEnumVal>
			<TransitModeEnumVal>TSM_NULL</TransitModeEnumVal>
			<PrimaryScheduleFlag>false</PrimaryScheduleFlag>
			<DepartureScheduleLocationTypeEnumVal>SCHEDULELOCATION_PICK_DROP</DepartureScheduleLocationTypeEnumVal>
			<ArrivalScheduleLocationTypeEnumVal>SCHEDULELOCATION_NULL</ArrivalScheduleLocationTypeEnumVal>
			<ScheduleTypeEnumVal>LOADSCHEDULE_STOPPED</ScheduleTypeEnumVal>
			<ScheduleStopReasonTypeEnumVal>SCHEDULEREASON_LOADING</ScheduleStopReasonTypeEnumVal>
			<SystemLoadID>80197</SystemLoadID>
			<Memo />
			<CreatedDateTime>2017-01-02T02:06:35</CreatedDateTime>
			<CreatedByUserCode>PM</CreatedByUserCode>
			<DepartureStopID>153705</DepartureStopID>
			<ArrivalDateTimeSourceEnumVal>LSDATESRC_COMPUTED</ArrivalDateTimeSourceEnumVal>
			<DepartureDateTimeSourceEnumVal>LSDATESRC_COMPUTED</DepartureDateTimeSourceEnumVal>
			<SchedulingModeEnumVal>SCHEDULINGMODE_PLANNING</SchedulingModeEnumVal>
			<BookingRevisionOverrideFlag>false</BookingRevisionOverrideFlag>
		</LoadScheduleEntry>
		<LoadScheduleEntry>
			<SystemLoadScheduleEntryID>42571</SystemLoadScheduleEntryID>
			<SequenceNumber>2</SequenceNumber>
			<DepartureShippingLocationCode>PLOADAT1</DepartureShippingLocationCode>
			<DepartureShippingLocationTypeEnumVal>SPT_LA</DepartureShippingLocationTypeEnumVal>
			<DepartureShippingLocationName>PM Load At</DepartureShippingLocationName>
			<DepartureShippingLocationAddressID>169625</DepartureShippingLocationAddressID>
			<DepartureShippingLocationAddress>
				<Block>80</Block>
				<Street>WHITEHALL DRIVE</Street>
				<City>MARKHAM</City>
				<State>ON</State>
				<CountryCode>CAN</CountryCode>
				<PostalCode>L3R0P3</PostalCode>
				<Latitude>43.8581</Latitude>
				<Longitude>-79.3439</Longitude>
				<GeoCodeOverridenFlag>false</GeoCodeOverridenFlag>
				<GeoCodeRecalculateFlag>false</GeoCodeRecalculateFlag>
				<ResidentialFlag>false</ResidentialFlag>
			</DepartureShippingLocationAddress>
			<DepartureCountryCode>CAN</DepartureCountryCode>
			<DepartureState>ON</DepartureState>
			<DepartureCity>MARKHAM</DepartureCity>
			<DeparturePostalCode>L3R0P3</DeparturePostalCode>
			<ArrivalShippingLocationCode>PCONS1</ArrivalShippingLocationCode>
			<ArrivalShippingLocationTypeEnumVal>SPT_CONSIGNEE</ArrivalShippingLocationTypeEnumVal>
			<ArrivalShippingLocationName>PM Consignee 1</ArrivalShippingLocationName>
			<ArrivalShippingLocationAddressID>169626</ArrivalShippingLocationAddressID>
			<ArrivalShippingLocationAddress>
				<Block>247</Block>
				<Street>APPLE BY LINE</Street>
				<City>BURLINGTON</City>
				<State>ON</State>
				<CountryCode>CAN</CountryCode>
				<PostalCode>L7L2X4</PostalCode>
				<Latitude>43.3619</Latitude>
				<Longitude>-79.7469</Longitude>
				<GeoCodeOverridenFlag>false</GeoCodeOverridenFlag>
				<GeoCodeRecalculateFlag>false</GeoCodeRecalculateFlag>
				<ResidentialFlag>false</ResidentialFlag>
			</ArrivalShippingLocationAddress>
			<ArrivalCountryCode>CAN</ArrivalCountryCode>
			<ArrivalState>ON</ArrivalState>
			<ArrivalCity>BURLINGTON</ArrivalCity>
			<ArrivalPostalCode>L7L2X4</ArrivalPostalCode>
			<RelatedDepartureShippingLocationTypeEnumVal>SPT_NULL</RelatedDepartureShippingLocationTypeEnumVal>
			<ComputedArrivalDateTime>2018-08-06T10:00:00</ComputedArrivalDateTime>
			<ComputedDepartureDateTime>2018-08-06T09:06:00</ComputedDepartureDateTime>
			<ElapsedHours>0.9</ElapsedHours>
			<TransferPointHours>0</TransferPointHours>
			<TotalDistance>30.6</TotalDistance>
			<ItinerarySchedulingMethodEnumVal>ITNRSCHD_NULL</ItinerarySchedulingMethodEnumVal>
			<TransitModeEnumVal>TSM_NULL</TransitModeEnumVal>
			<PrimaryScheduleFlag>false</PrimaryScheduleFlag>
			<DepartureScheduleLocationTypeEnumVal>SCHEDULELOCATION_PICK_DROP</DepartureScheduleLocationTypeEnumVal>
			<ArrivalScheduleLocationTypeEnumVal>SCHEDULELOCATION_PICK_DROP</ArrivalScheduleLocationTypeEnumVal>
			<ScheduleTypeEnumVal>LOADSCHEDULE_MOVING</ScheduleTypeEnumVal>
			<ScheduleStopReasonTypeEnumVal>SCHEDULEREASON_NULL</ScheduleStopReasonTypeEnumVal>
			<SystemLoadID>80197</SystemLoadID>
			<Memo />
			<CreatedByUserCode>PM</CreatedByUserCode>
			<ArrivalStopID>153706</ArrivalStopID>
			<DepartureStopID>153705</DepartureStopID>
			<ArrivalDateTimeSourceEnumVal>LSDATESRC_COMPUTED</ArrivalDateTimeSourceEnumVal>
			<DepartureDateTimeSourceEnumVal>LSDATESRC_COMPUTED</DepartureDateTimeSourceEnumVal>
			<SchedulingModeEnumVal>SCHEDULINGMODE_PLANNING</SchedulingModeEnumVal>
			<BookingRevisionOverrideFlag>false</BookingRevisionOverrideFlag>
		</LoadScheduleEntry>
		<LoadScheduleEntry>
			<SystemLoadScheduleEntryID>42572</SystemLoadScheduleEntryID>
			<SequenceNumber>3</SequenceNumber>
			<DepartureShippingLocationCode>PCONS1</DepartureShippingLocationCode>
			<DepartureShippingLocationTypeEnumVal>SPT_CONSIGNEE</DepartureShippingLocationTypeEnumVal>
			<DepartureShippingLocationName>PM Consignee 1</DepartureShippingLocationName>
			<DepartureShippingLocationAddressID>169626</DepartureShippingLocationAddressID>
			<DepartureShippingLocationAddress>
				<Block>247</Block>
				<Street>APPLE BY LINE</Street>
				<City>BURLINGTON</City>
				<State>ON</State>
				<CountryCode>CAN</CountryCode>
				<PostalCode>L7L2X4</PostalCode>
				<Latitude>43.3619</Latitude>
				<Longitude>-79.7469</Longitude>
				<GeoCodeOverridenFlag>false</GeoCodeOverridenFlag>
				<GeoCodeRecalculateFlag>false</GeoCodeRecalculateFlag>
				<ResidentialFlag>false</ResidentialFlag>
			</DepartureShippingLocationAddress>
			<DepartureCountryCode>CAN</DepartureCountryCode>
			<DepartureState>ON</DepartureState>
			<DepartureCity>BURLINGTON</DepartureCity>
			<DeparturePostalCode>L7L2X4</DeparturePostalCode>
			<ArrivalShippingLocationTypeEnumVal>SPT_NULL</ArrivalShippingLocationTypeEnumVal>
			<ArrivalShippingLocationAddress>
				<GeoCodeOverridenFlag>false</GeoCodeOverridenFlag>
				<GeoCodeRecalculateFlag>false</GeoCodeRecalculateFlag>
			</ArrivalShippingLocationAddress>
			<RelatedDepartureShippingLocationTypeEnumVal>SPT_NULL</RelatedDepartureShippingLocationTypeEnumVal>
			<ComputedArrivalDateTime>2018-08-06T10:00:00</ComputedArrivalDateTime>
			<ComputedDepartureDateTime>2018-08-06T10:00:00</ComputedDepartureDateTime>
			<ElapsedHours>0</ElapsedHours>
			<TransferPointHours>0</TransferPointHours>
			<TotalDistance>0</TotalDistance>
			<ItinerarySchedulingMethodEnumVal>ITNRSCHD_NULL</ItinerarySchedulingMethodEnumVal>
			<TransitModeEnumVal>TSM_NULL</TransitModeEnumVal>
			<PrimaryScheduleFlag>false</PrimaryScheduleFlag>
			<DepartureScheduleLocationTypeEnumVal>SCHEDULELOCATION_PICK_DROP</DepartureScheduleLocationTypeEnumVal>
			<ArrivalScheduleLocationTypeEnumVal>SCHEDULELOCATION_NULL</ArrivalScheduleLocationTypeEnumVal>
			<ScheduleTypeEnumVal>LOADSCHEDULE_STOPPED</ScheduleTypeEnumVal>
			<ScheduleStopReasonTypeEnumVal>SCHEDULEREASON_UNLOADING</ScheduleStopReasonTypeEnumVal>
			<SystemLoadID>80197</SystemLoadID>
			<Memo />
			<CreatedByUserCode>PM</CreatedByUserCode>
			<DepartureStopID>153706</DepartureStopID>
			<ArrivalDateTimeSourceEnumVal>LSDATESRC_COMPUTED</ArrivalDateTimeSourceEnumVal>
			<DepartureDateTimeSourceEnumVal>LSDATESRC_COMPUTED</DepartureDateTimeSourceEnumVal>
			<SchedulingModeEnumVal>SCHEDULINGMODE_PLANNING</SchedulingModeEnumVal>
			<BookingRevisionOverrideFlag>false</BookingRevisionOverrideFlag>
		</LoadScheduleEntry>
		<OverrideWeightVolumeConstraintFlag>false</OverrideWeightVolumeConstraintFlag>
		<SystemShipmentID>154917</SystemShipmentID>
		<ApplyResourceConstraintsFlag>true</ApplyResourceConstraintsFlag>
		<IncludeInResourceUsageCountFlag>true</IncludeInResourceUsageCountFlag>
		<FirstTenderIssuedFlag>false</FirstTenderIssuedFlag>
		<BookingRevisionInProcessFlag>false</BookingRevisionInProcessFlag>
		<NumberUrgentShipmentLeg>0</NumberUrgentShipmentLeg>
		<NumberHeldShipmentLeg>0</NumberHeldShipmentLeg>
		<NumberDivertedShipmentLeg>0</NumberDivertedShipmentLeg>
		<ShipmentConsolidationClassCode>DRY</ShipmentConsolidationClassCode>
		<FEUFactor>1</FEUFactor>
		<LoadPriority>0</LoadPriority>
		<FirstStopLatestFromPickupDateTime>2018-08-03T10:00:00</FirstStopLatestFromPickupDateTime>
		<FirstStopEarliestToPickupDateTime>2018-08-06T10:00:00</FirstStopEarliestToPickupDateTime>
		<LastStopLatestFromDeliveryDateTime>2018-08-06T10:00:00</LastStopLatestFromDeliveryDateTime>
		<LastStopEarliestToDeliveryDateTime>2018-08-31T10:00:00</LastStopEarliestToDeliveryDateTime>
		<LoadPriorityCalculationMethodEnumVal>LOAD_PRTY_CALC_HIGHEST</LoadPriorityCalculationMethodEnumVal>
		<ItemUtilizationFactor>0</ItemUtilizationFactor>
		<SystemLaneID>43907</SystemLaneID>
		<FirstStopToTimeFromLoadStartTimeHours>0</FirstStopToTimeFromLoadStartTimeHours>
		<LastStopToTimeFromLoadEndTimeHours>0</LastStopToTimeFromLoadEndTimeHours>
		<NumberOfEmptyStops>0</NumberOfEmptyStops>
		<HighestNoteImportanceEnumVal>QUEPRTY_NULL</HighestNoteImportanceEnumVal>
		<NumberOfDriverAssignments>0</NumberOfDriverAssignments>
		<ScheduledETAAtLastStopDateTime>2018-08-06T10:00:00</ScheduledETAAtLastStopDateTime>
		<ExecutionModeMaximumWaitHoursAtStop>0</ExecutionModeMaximumWaitHoursAtStop>
		<ExecutionModeTotalDrivingHours>0.9</ExecutionModeTotalDrivingHours>
		<ExecutionModeTotalLoadingHours>0</ExecutionModeTotalLoadingHours>
		<ExecutionModeTotalOffDutyHours>0</ExecutionModeTotalOffDutyHours>
		<ExecutionModeTotalOnDutyHours>0.9</ExecutionModeTotalOnDutyHours>
		<ExecutionModeTotalUnloadingHours>0</ExecutionModeTotalUnloadingHours>
		<ExecutionModeTotalWaitHoursForLoad>0</ExecutionModeTotalWaitHoursForLoad>
		<ExecutionModeWeekendHolidayBreakHours>0</ExecutionModeWeekendHolidayBreakHours>
		<ExecutionModeElapsedHours>0.9</ExecutionModeElapsedHours>
		<NextLocationTypeEnumVal>SPT_NULL</NextLocationTypeEnumVal>
		<ExecutionModeSchedulingStatusEnumVal>EXECMDSCHD_NOT_ELIGIBLE</ExecutionModeSchedulingStatusEnumVal>
		<LoadScheduleItineraryValidFlag>true</LoadScheduleItineraryValidFlag>
		<NumberOfSoftConstraintViolations>0</NumberOfSoftConstraintViolations>
		<WebSchedulingRRSRequiredFlag>false</WebSchedulingRRSRequiredFlag>
		<TotalEquipmentTareWeight>0</TotalEquipmentTareWeight>
		<BookingRevisionRRSBypassFlag>false</BookingRevisionRRSBypassFlag>
		<LoadConfiguratorTypeEnumVal>LDCNFGTRTYP_NULL</LoadConfiguratorTypeEnumVal>
		<ExecutionSchedulingOverriddenFlag>false</ExecutionSchedulingOverriddenFlag>
		<TariffRestrictionsOverriddenFlag>false</TariffRestrictionsOverriddenFlag>
		<VGMWeighingMethod>0</VGMWeighingMethod>
		<CarrierMovementTypeEnumVal>CARRIERMOVEMENTTYPE_NULL</CarrierMovementTypeEnumVal>
	</Load>
	<RateShopEntry>
		<TariffID>11234</TariffID>
		<TariffCode>PTARR_TRIP_4633</TariffCode>
		<CarrierCode>PCARR_TRIP_4633</CarrierCode>
		<CarrierDescription>PM Carrier for Testing Trip Voucher 1</CarrierDescription>
		<ServiceCode>TL</ServiceCode>
		<ServiceDescription>Truckload</ServiceDescription>
		<RateCode>*</RateCode>
		<LaneID>43907</LaneID>
		<EquipmentTypeCode>*DFT</EquipmentTypeCode>
		<EquipmentTypeDescription>default</EquipmentTypeDescription>
		<ChargeAmount>30.57</ChargeAmount>
		<ChargeAmountInTariffCurrency>30.57</ChargeAmountInTariffCurrency>
		<CurrencyCode>USD</CurrencyCode>
		<ExchangeRate>1</ExchangeRate>
		<TotalDistance>30.6</TotalDistance>
		<TotalDistanceInTariffUOM>49.2</TotalDistanceInTariffUOM>
		<DistanceUnitOfMeasureEnumVal>UMD_MILES</DistanceUnitOfMeasureEnumVal>
		<SchedulingValidFlag>true</SchedulingValidFlag>
		<ServiceGradeCode>0</ServiceGradeCode>
		<FreightAuctionEligibilityEnumVal>FRHTAUCTELGB_NONE</FreightAuctionEligibilityEnumVal>
	</RateShopEntry>
	<RateShopEntry>
		<TariffID>11794</TariffID>
		<TariffCode>PTAR_SR1</TariffCode>
		<CarrierCode>PCAR_SR1</CarrierCode>
		<CarrierDescription>For Testing PreBook Skeleton Load</CarrierDescription>
		<ServiceCode>TL</ServiceCode>
		<ServiceDescription>Truckload</ServiceDescription>
		<RateCode>*</RateCode>
		<LaneID>44548</LaneID>
		<EquipmentTypeCode>*DFT</EquipmentTypeCode>
		<EquipmentTypeDescription>default</EquipmentTypeDescription>
		<ChargeAmount>30.57</ChargeAmount>
		<ChargeAmountInTariffCurrency>30.57</ChargeAmountInTariffCurrency>
		<CurrencyCode>USD</CurrencyCode>
		<ExchangeRate>1</ExchangeRate>
		<TotalDistance>30.6</TotalDistance>
		<TotalDistanceInTariffUOM>49.2</TotalDistanceInTariffUOM>
		<DistanceUnitOfMeasureEnumVal>UMD_MILES</DistanceUnitOfMeasureEnumVal>
		<SchedulingValidFlag>true</SchedulingValidFlag>
		<ServiceGradeCode>0</ServiceGradeCode>
		<FreightAuctionEligibilityEnumVal>FRHTAUCTELGB_NONE</FreightAuctionEligibilityEnumVal>
	</RateShopEntry>
	<RateShopEntry>
		<TariffID>11795</TariffID>
		<TariffCode>PTAR_SR2</TariffCode>
		<CarrierCode>PCAR_SR2</CarrierCode>
		<CarrierDescription>For Testing PreBook Skeleton Load</CarrierDescription>
		<ServiceCode>TL</ServiceCode>
		<ServiceDescription>Truckload</ServiceDescription>
		<RateCode>*</RateCode>
		<LaneID>44551</LaneID>
		<EquipmentTypeCode>*DFT</EquipmentTypeCode>
		<EquipmentTypeDescription>default</EquipmentTypeDescription>
		<ChargeAmount>30.57</ChargeAmount>
		<ChargeAmountInTariffCurrency>30.57</ChargeAmountInTariffCurrency>
		<CurrencyCode>USD</CurrencyCode>
		<ExchangeRate>1</ExchangeRate>
		<TotalDistance>30.6</TotalDistance>
		<TotalDistanceInTariffUOM>49.2</TotalDistanceInTariffUOM>
		<DistanceUnitOfMeasureEnumVal>UMD_MILES</DistanceUnitOfMeasureEnumVal>
		<SchedulingValidFlag>true</SchedulingValidFlag>
		<ServiceGradeCode>0</ServiceGradeCode>
		<FreightAuctionEligibilityEnumVal>FRHTAUCTELGB_NONE</FreightAuctionEligibilityEnumVal>
	</RateShopEntry>
	<RateShopEntry>
		<TariffID>11796</TariffID>
		<TariffCode>PTAR_SR3</TariffCode>
		<CarrierCode>PCAR_SR3</CarrierCode>
		<CarrierDescription>For Testing PreBook Skeleton Load</CarrierDescription>
		<ServiceCode>TL</ServiceCode>
		<ServiceDescription>Truckload</ServiceDescription>
		<RateCode>*</RateCode>
		<LaneID>44553</LaneID>
		<EquipmentTypeCode>*DFT</EquipmentTypeCode>
		<EquipmentTypeDescription>default</EquipmentTypeDescription>
		<ChargeAmount>30.57</ChargeAmount>
		<ChargeAmountInTariffCurrency>30.57</ChargeAmountInTariffCurrency>
		<CurrencyCode>USD</CurrencyCode>
		<ExchangeRate>1</ExchangeRate>
		<TotalDistance>30.6</TotalDistance>
		<TotalDistanceInTariffUOM>49.2</TotalDistanceInTariffUOM>
		<DistanceUnitOfMeasureEnumVal>UMD_MILES</DistanceUnitOfMeasureEnumVal>
		<SchedulingValidFlag>true</SchedulingValidFlag>
		<ServiceGradeCode>0</ServiceGradeCode>
		<FreightAuctionEligibilityEnumVal>FRHTAUCTELGB_NONE</FreightAuctionEligibilityEnumVal>
	</RateShopEntry>
	<RateShopEntry>
		<TariffID>11153</TariffID>
		<TariffCode>PTAR-4643</TariffCode>
		<CarrierCode>4643CAR1</CarrierCode>
		<CarrierDescription>4643CAR1</CarrierDescription>
		<ServiceCode>TL</ServiceCode>
		<ServiceDescription>Truckload</ServiceDescription>
		<RateCode>*</RateCode>
		<LaneID>43807</LaneID>
		<EquipmentTypeCode>*DFT</EquipmentTypeCode>
		<EquipmentTypeDescription>default</EquipmentTypeDescription>
		<ChargeAmount>76.43</ChargeAmount>
		<ChargeAmountInTariffCurrency>76.43</ChargeAmountInTariffCurrency>
		<CurrencyCode>USD</CurrencyCode>
		<ExchangeRate>1</ExchangeRate>
		<TotalDistance>30.6</TotalDistance>
		<TotalDistanceInTariffUOM>49.2</TotalDistanceInTariffUOM>
		<DistanceUnitOfMeasureEnumVal>UMD_MILES</DistanceUnitOfMeasureEnumVal>
		<SchedulingValidFlag>true</SchedulingValidFlag>
		<ServiceGradeCode>0</ServiceGradeCode>
		<FreightAuctionEligibilityEnumVal>FRHTAUCTELGB_NONE</FreightAuctionEligibilityEnumVal>
	</RateShopEntry>
	<RateShopEntry>
		<TariffID>11093</TariffID>
		<TariffCode>PTAR1</TariffCode>
		<CarrierCode>PCAR1</CarrierCode>
		<CarrierDescription>PM Carrier 1</CarrierDescription>
		<ServiceCode>TL</ServiceCode>
		<ServiceDescription>Truckload</ServiceDescription>
		<RateCode>*</RateCode>
		<LaneID>43747</LaneID>
		<EquipmentTypeCode>*DFT</EquipmentTypeCode>
		<EquipmentTypeDescription>default</EquipmentTypeDescription>
		<ChargeAmount>305.71</ChargeAmount>
		<ChargeAmountInTariffCurrency>305.71</ChargeAmountInTariffCurrency>
		<CurrencyCode>USD</CurrencyCode>
		<ExchangeRate>1</ExchangeRate>
		<TotalDistance>30.6</TotalDistance>
		<TotalDistanceInTariffUOM>49.2</TotalDistanceInTariffUOM>
		<DistanceUnitOfMeasureEnumVal>UMD_MILES</DistanceUnitOfMeasureEnumVal>
		<SchedulingValidFlag>true</SchedulingValidFlag>
		<ServiceGradeCode>0</ServiceGradeCode>
		<FreightAuctionEligibilityEnumVal>FRHTAUCTELGB_NONE</FreightAuctionEligibilityEnumVal>
	</RateShopEntry>
	<RateShopEntry>
		<TariffID>11095</TariffID>
		<TariffCode>PTARR_TRIP1</TariffCode>
		<CarrierCode>PCARR_TRIP</CarrierCode>
		<CarrierDescription>PM Carrier for Testing Trip Voucher 1</CarrierDescription>
		<ServiceCode>TL</ServiceCode>
		<ServiceDescription>Truckload</ServiceDescription>
		<RateCode>RT</RateCode>
		<LaneID>43749</LaneID>
		<EquipmentTypeCode>*DFT</EquipmentTypeCode>
		<EquipmentTypeDescription>default</EquipmentTypeDescription>
		<ChargeAmount>305.71</ChargeAmount>
		<ChargeAmountInTariffCurrency>305.71</ChargeAmountInTariffCurrency>
		<CurrencyCode>USD</CurrencyCode>
		<ExchangeRate>1</ExchangeRate>
		<TotalDistance>30.6</TotalDistance>
		<TotalDistanceInTariffUOM>49.2</TotalDistanceInTariffUOM>
		<DistanceUnitOfMeasureEnumVal>UMD_MILES</DistanceUnitOfMeasureEnumVal>
		<SchedulingValidFlag>true</SchedulingValidFlag>
		<ServiceGradeCode>0</ServiceGradeCode>
		<FreightAuctionEligibilityEnumVal>FRHTAUCTELGB_NONE</FreightAuctionEligibilityEnumVal>
	</RateShopEntry>
	<RateShopEntry>
		<TariffID>11133</TariffID>
		<TariffCode>PTARR_TRIP3</TariffCode>
		<CarrierCode>PCARR_TRIP3</CarrierCode>
		<CarrierDescription>PM Carrier for Testing Trip Voucher 3</CarrierDescription>
		<ServiceCode>TL</ServiceCode>
		<ServiceDescription>Truckload</ServiceDescription>
		<RateCode>*</RateCode>
		<LaneID>43787</LaneID>
		<EquipmentTypeCode>*DFT</EquipmentTypeCode>
		<EquipmentTypeDescription>default</EquipmentTypeDescription>
		<ChargeAmount>305.71</ChargeAmount>
		<ChargeAmountInTariffCurrency>305.71</ChargeAmountInTariffCurrency>
		<CurrencyCode>USD</CurrencyCode>
		<ExchangeRate>1</ExchangeRate>
		<TotalDistance>30.6</TotalDistance>
		<TotalDistanceInTariffUOM>49.2</TotalDistanceInTariffUOM>
		<DistanceUnitOfMeasureEnumVal>UMD_MILES</DistanceUnitOfMeasureEnumVal>
		<SchedulingValidFlag>true</SchedulingValidFlag>
		<ServiceGradeCode>0</ServiceGradeCode>
		<FreightAuctionEligibilityEnumVal>FRHTAUCTELGB_NONE</FreightAuctionEligibilityEnumVal>
	</RateShopEntry>
	<RateShopEntry>
		<TariffID>11134</TariffID>
		<TariffCode>PTAR3</TariffCode>
		<CarrierCode>PCAR3</CarrierCode>
		<CarrierDescription>PM Carrier 3</CarrierDescription>
		<ServiceCode>TL</ServiceCode>
		<ServiceDescription>Truckload</ServiceDescription>
		<RateCode>RT</RateCode>
		<LaneID>43792</LaneID>
		<EquipmentTypeCode>*DFT</EquipmentTypeCode>
		<EquipmentTypeDescription>default</EquipmentTypeDescription>
		<ChargeAmount>305.71</ChargeAmount>
		<ChargeAmountInTariffCurrency>305.71</ChargeAmountInTariffCurrency>
		<CurrencyCode>USD</CurrencyCode>
		<ExchangeRate>1</ExchangeRate>
		<TotalDistance>30.6</TotalDistance>
		<TotalDistanceInTariffUOM>49.2</TotalDistanceInTariffUOM>
		<DistanceUnitOfMeasureEnumVal>UMD_MILES</DistanceUnitOfMeasureEnumVal>
		<SchedulingValidFlag>true</SchedulingValidFlag>
		<ServiceGradeCode>0</ServiceGradeCode>
		<FreightAuctionEligibilityEnumVal>FRHTAUCTELGB_NONE</FreightAuctionEligibilityEnumVal>
	</RateShopEntry>
	<RateShopEntry>
		<TariffID>11733</TariffID>
		<TariffCode>PTAR102</TariffCode>
		<CarrierCode>PCAR102</CarrierCode>
		<CarrierDescription>PCAR102 For PreBook Test</CarrierDescription>
		<ServiceCode>TL</ServiceCode>
		<ServiceDescription>Truckload</ServiceDescription>
		<RateCode>*</RateCode>
		<LaneID>44426</LaneID>
		<EquipmentTypeCode>*DFT</EquipmentTypeCode>
		<EquipmentTypeDescription>default</EquipmentTypeDescription>
		<ChargeAmount>305.71</ChargeAmount>
		<ChargeAmountInTariffCurrency>305.71</ChargeAmountInTariffCurrency>
		<CurrencyCode>USD</CurrencyCode>
		<ExchangeRate>1</ExchangeRate>
		<TotalDistance>30.6</TotalDistance>
		<TotalDistanceInTariffUOM>49.2</TotalDistanceInTariffUOM>
		<DistanceUnitOfMeasureEnumVal>UMD_MILES</DistanceUnitOfMeasureEnumVal>
		<SchedulingValidFlag>true</SchedulingValidFlag>
		<ServiceGradeCode>0</ServiceGradeCode>
		<FreightAuctionEligibilityEnumVal>FRHTAUCTELGB_NONE</FreightAuctionEligibilityEnumVal>
	</RateShopEntry>
	<RateShopEntry>
		<TariffID>11736</TariffID>
		<TariffCode>PTAR103</TariffCode>
		<CarrierCode>PCAR103</CarrierCode>
		<CarrierDescription>PCAR103 For PreBook Test</CarrierDescription>
		<ServiceCode>TL</ServiceCode>
		<ServiceDescription>Truckload</ServiceDescription>
		<RateCode>*</RateCode>
		<LaneID>44431</LaneID>
		<EquipmentTypeCode>*DFT</EquipmentTypeCode>
		<EquipmentTypeDescription>default</EquipmentTypeDescription>
		<ChargeAmount>305.71</ChargeAmount>
		<ChargeAmountInTariffCurrency>305.71</ChargeAmountInTariffCurrency>
		<CurrencyCode>USD</CurrencyCode>
		<ExchangeRate>1</ExchangeRate>
		<TotalDistance>30.6</TotalDistance>
		<TotalDistanceInTariffUOM>49.2</TotalDistanceInTariffUOM>
		<DistanceUnitOfMeasureEnumVal>UMD_MILES</DistanceUnitOfMeasureEnumVal>
		<SchedulingValidFlag>true</SchedulingValidFlag>
		<ServiceGradeCode>0</ServiceGradeCode>
		<FreightAuctionEligibilityEnumVal>FRHTAUCTELGB_NONE</FreightAuctionEligibilityEnumVal>
	</RateShopEntry>
	<RateShopEntry>
		<TariffID>11737</TariffID>
		<TariffCode>PTAR104</TariffCode>
		<CarrierCode>PCAR104</CarrierCode>
		<CarrierDescription>PCAR104 For PreBook Test</CarrierDescription>
		<ServiceCode>TL</ServiceCode>
		<ServiceDescription>Truckload</ServiceDescription>
		<RateCode>*</RateCode>
		<LaneID>44433</LaneID>
		<EquipmentTypeCode>*DFT</EquipmentTypeCode>
		<EquipmentTypeDescription>default</EquipmentTypeDescription>
		<ChargeAmount>305.71</ChargeAmount>
		<ChargeAmountInTariffCurrency>305.71</ChargeAmountInTariffCurrency>
		<CurrencyCode>USD</CurrencyCode>
		<ExchangeRate>1</ExchangeRate>
		<TotalDistance>30.6</TotalDistance>
		<TotalDistanceInTariffUOM>49.2</TotalDistanceInTariffUOM>
		<DistanceUnitOfMeasureEnumVal>UMD_MILES</DistanceUnitOfMeasureEnumVal>
		<SchedulingValidFlag>true</SchedulingValidFlag>
		<ServiceGradeCode>0</ServiceGradeCode>
		<FreightAuctionEligibilityEnumVal>FRHTAUCTELGB_NONE</FreightAuctionEligibilityEnumVal>
	</RateShopEntry>
	<RateShopEntry>
		<TariffID>11738</TariffID>
		<TariffCode>PTAR105</TariffCode>
		<CarrierCode>PCAR105</CarrierCode>
		<CarrierDescription>PCAR105 For PreBook Test</CarrierDescription>
		<ServiceCode>TL</ServiceCode>
		<ServiceDescription>Truckload</ServiceDescription>
		<RateCode>*</RateCode>
		<LaneID>44434</LaneID>
		<EquipmentTypeCode>*DFT</EquipmentTypeCode>
		<EquipmentTypeDescription>default</EquipmentTypeDescription>
		<ChargeAmount>305.71</ChargeAmount>
		<ChargeAmountInTariffCurrency>305.71</ChargeAmountInTariffCurrency>
		<CurrencyCode>USD</CurrencyCode>
		<ExchangeRate>1</ExchangeRate>
		<TotalDistance>30.6</TotalDistance>
		<TotalDistanceInTariffUOM>49.2</TotalDistanceInTariffUOM>
		<DistanceUnitOfMeasureEnumVal>UMD_MILES</DistanceUnitOfMeasureEnumVal>
		<SchedulingValidFlag>true</SchedulingValidFlag>
		<ServiceGradeCode>0</ServiceGradeCode>
		<FreightAuctionEligibilityEnumVal>FRHTAUCTELGB_NONE</FreightAuctionEligibilityEnumVal>
	</RateShopEntry>
	<RateShopEntry>
		<TariffID>11739</TariffID>
		<TariffCode>PTAR106</TariffCode>
		<CarrierCode>PCAR106</CarrierCode>
		<CarrierDescription>PCAR106 For PreBook Test</CarrierDescription>
		<ServiceCode>TL</ServiceCode>
		<ServiceDescription>Truckload</ServiceDescription>
		<RateCode>*</RateCode>
		<LaneID>44436</LaneID>
		<EquipmentTypeCode>*DFT</EquipmentTypeCode>
		<EquipmentTypeDescription>default</EquipmentTypeDescription>
		<ChargeAmount>305.71</ChargeAmount>
		<ChargeAmountInTariffCurrency>305.71</ChargeAmountInTariffCurrency>
		<CurrencyCode>USD</CurrencyCode>
		<ExchangeRate>1</ExchangeRate>
		<TotalDistance>30.6</TotalDistance>
		<TotalDistanceInTariffUOM>49.2</TotalDistanceInTariffUOM>
		<DistanceUnitOfMeasureEnumVal>UMD_MILES</DistanceUnitOfMeasureEnumVal>
		<SchedulingValidFlag>true</SchedulingValidFlag>
		<ServiceGradeCode>0</ServiceGradeCode>
		<FreightAuctionEligibilityEnumVal>FRHTAUCTELGB_NONE</FreightAuctionEligibilityEnumVal>
	</RateShopEntry>
	<RateShopEntry>
		<TariffID>11740</TariffID>
		<TariffCode>PTAR107</TariffCode>
		<CarrierCode>PCAR107</CarrierCode>
		<CarrierDescription>PCAR107 For PreBook Test</CarrierDescription>
		<ServiceCode>TL</ServiceCode>
		<ServiceDescription>Truckload</ServiceDescription>
		<RateCode>*</RateCode>
		<LaneID>44438</LaneID>
		<EquipmentTypeCode>*DFT</EquipmentTypeCode>
		<EquipmentTypeDescription>default</EquipmentTypeDescription>
		<ChargeAmount>305.71</ChargeAmount>
		<ChargeAmountInTariffCurrency>305.71</ChargeAmountInTariffCurrency>
		<CurrencyCode>USD</CurrencyCode>
		<ExchangeRate>1</ExchangeRate>
		<TotalDistance>30.6</TotalDistance>
		<TotalDistanceInTariffUOM>49.2</TotalDistanceInTariffUOM>
		<DistanceUnitOfMeasureEnumVal>UMD_MILES</DistanceUnitOfMeasureEnumVal>
		<SchedulingValidFlag>true</SchedulingValidFlag>
		<ServiceGradeCode>0</ServiceGradeCode>
		<FreightAuctionEligibilityEnumVal>FRHTAUCTELGB_NONE</FreightAuctionEligibilityEnumVal>
	</RateShopEntry>
	<RateShopEntry>
		<TariffID>11741</TariffID>
		<TariffCode>PTAR108</TariffCode>
		<CarrierCode>PCAR108</CarrierCode>
		<CarrierDescription>PCAR108 For PreBook Test</CarrierDescription>
		<ServiceCode>TL</ServiceCode>
		<ServiceDescription>Truckload</ServiceDescription>
		<RateCode>*</RateCode>
		<LaneID>44440</LaneID>
		<EquipmentTypeCode>*DFT</EquipmentTypeCode>
		<EquipmentTypeDescription>default</EquipmentTypeDescription>
		<ChargeAmount>305.71</ChargeAmount>
		<ChargeAmountInTariffCurrency>305.71</ChargeAmountInTariffCurrency>
		<CurrencyCode>USD</CurrencyCode>
		<ExchangeRate>1</ExchangeRate>
		<TotalDistance>30.6</TotalDistance>
		<TotalDistanceInTariffUOM>49.2</TotalDistanceInTariffUOM>
		<DistanceUnitOfMeasureEnumVal>UMD_MILES</DistanceUnitOfMeasureEnumVal>
		<SchedulingValidFlag>true</SchedulingValidFlag>
		<ServiceGradeCode>0</ServiceGradeCode>
		<FreightAuctionEligibilityEnumVal>FRHTAUCTELGB_NONE</FreightAuctionEligibilityEnumVal>
	</RateShopEntry>
	<RateShopEntry>
		<TariffID>11742</TariffID>
		<TariffCode>PTAR109</TariffCode>
		<CarrierCode>PCAR109</CarrierCode>
		<CarrierDescription>PCAR109 For PreBook Test</CarrierDescription>
		<ServiceCode>TL</ServiceCode>
		<ServiceDescription>Truckload</ServiceDescription>
		<RateCode>*</RateCode>
		<LaneID>44442</LaneID>
		<EquipmentTypeCode>*DFT</EquipmentTypeCode>
		<EquipmentTypeDescription>default</EquipmentTypeDescription>
		<ChargeAmount>305.71</ChargeAmount>
		<ChargeAmountInTariffCurrency>305.71</ChargeAmountInTariffCurrency>
		<CurrencyCode>USD</CurrencyCode>
		<ExchangeRate>1</ExchangeRate>
		<TotalDistance>30.6</TotalDistance>
		<TotalDistanceInTariffUOM>49.2</TotalDistanceInTariffUOM>
		<DistanceUnitOfMeasureEnumVal>UMD_MILES</DistanceUnitOfMeasureEnumVal>
		<SchedulingValidFlag>true</SchedulingValidFlag>
		<ServiceGradeCode>0</ServiceGradeCode>
		<FreightAuctionEligibilityEnumVal>FRHTAUCTELGB_NONE</FreightAuctionEligibilityEnumVal>
	</RateShopEntry>
	<RateShopEntry>
		<TariffID>11743</TariffID>
		<TariffCode>PTAR110</TariffCode>
		<CarrierCode>PCAR110</CarrierCode>
		<CarrierDescription>PCAR110 For PreBook Test</CarrierDescription>
		<ServiceCode>TL</ServiceCode>
		<ServiceDescription>Truckload</ServiceDescription>
		<RateCode>*</RateCode>
		<LaneID>44444</LaneID>
		<EquipmentTypeCode>*DFT</EquipmentTypeCode>
		<EquipmentTypeDescription>default</EquipmentTypeDescription>
		<ChargeAmount>305.71</ChargeAmount>
		<ChargeAmountInTariffCurrency>305.71</ChargeAmountInTariffCurrency>
		<CurrencyCode>USD</CurrencyCode>
		<ExchangeRate>1</ExchangeRate>
		<TotalDistance>30.6</TotalDistance>
		<TotalDistanceInTariffUOM>49.2</TotalDistanceInTariffUOM>
		<DistanceUnitOfMeasureEnumVal>UMD_MILES</DistanceUnitOfMeasureEnumVal>
		<SchedulingValidFlag>true</SchedulingValidFlag>
		<ServiceGradeCode>0</ServiceGradeCode>
		<FreightAuctionEligibilityEnumVal>FRHTAUCTELGB_NONE</FreightAuctionEligibilityEnumVal>
	</RateShopEntry>
	<RateShopEntry>
		<TariffID>11744</TariffID>
		<TariffCode>PTAR111</TariffCode>
		<CarrierCode>PCAR111</CarrierCode>
		<CarrierDescription>PCAR111 For PreBook Test</CarrierDescription>
		<ServiceCode>TL</ServiceCode>
		<ServiceDescription>Truckload</ServiceDescription>
		<RateCode>*</RateCode>
		<LaneID>44446</LaneID>
		<EquipmentTypeCode>*DFT</EquipmentTypeCode>
		<EquipmentTypeDescription>default</EquipmentTypeDescription>
		<ChargeAmount>305.71</ChargeAmount>
		<ChargeAmountInTariffCurrency>305.71</ChargeAmountInTariffCurrency>
		<CurrencyCode>USD</CurrencyCode>
		<ExchangeRate>1</ExchangeRate>
		<TotalDistance>30.6</TotalDistance>
		<TotalDistanceInTariffUOM>49.2</TotalDistanceInTariffUOM>
		<DistanceUnitOfMeasureEnumVal>UMD_MILES</DistanceUnitOfMeasureEnumVal>
		<SchedulingValidFlag>true</SchedulingValidFlag>
		<ServiceGradeCode>0</ServiceGradeCode>
		<FreightAuctionEligibilityEnumVal>FRHTAUCTELGB_NONE</FreightAuctionEligibilityEnumVal>
	</RateShopEntry>
	<RateShopEntry>
		<TariffID>11745</TariffID>
		<TariffCode>PTAR112</TariffCode>
		<CarrierCode>PCAR112</CarrierCode>
		<CarrierDescription>PCAR112 For PreBook Test</CarrierDescription>
		<ServiceCode>TL</ServiceCode>
		<ServiceDescription>Truckload</ServiceDescription>
		<RateCode>*</RateCode>
		<LaneID>44448</LaneID>
		<EquipmentTypeCode>*DFT</EquipmentTypeCode>
		<EquipmentTypeDescription>default</EquipmentTypeDescription>
		<ChargeAmount>305.71</ChargeAmount>
		<ChargeAmountInTariffCurrency>305.71</ChargeAmountInTariffCurrency>
		<CurrencyCode>USD</CurrencyCode>
		<ExchangeRate>1</ExchangeRate>
		<TotalDistance>30.6</TotalDistance>
		<TotalDistanceInTariffUOM>49.2</TotalDistanceInTariffUOM>
		<DistanceUnitOfMeasureEnumVal>UMD_MILES</DistanceUnitOfMeasureEnumVal>
		<SchedulingValidFlag>true</SchedulingValidFlag>
		<ServiceGradeCode>0</ServiceGradeCode>
		<FreightAuctionEligibilityEnumVal>FRHTAUCTELGB_NONE</FreightAuctionEligibilityEnumVal>
	</RateShopEntry>
	<RateShopEntry>
		<TariffID>11746</TariffID>
		<TariffCode>PTAR113</TariffCode>
		<CarrierCode>PCAR113</CarrierCode>
		<CarrierDescription>PCAR113 For PreBook Test</CarrierDescription>
		<ServiceCode>TL</ServiceCode>
		<ServiceDescription>Truckload</ServiceDescription>
		<RateCode>*</RateCode>
		<LaneID>44450</LaneID>
		<EquipmentTypeCode>*DFT</EquipmentTypeCode>
		<EquipmentTypeDescription>default</EquipmentTypeDescription>
		<ChargeAmount>305.71</ChargeAmount>
		<ChargeAmountInTariffCurrency>305.71</ChargeAmountInTariffCurrency>
		<CurrencyCode>USD</CurrencyCode>
		<ExchangeRate>1</ExchangeRate>
		<TotalDistance>30.6</TotalDistance>
		<TotalDistanceInTariffUOM>49.2</TotalDistanceInTariffUOM>
		<DistanceUnitOfMeasureEnumVal>UMD_MILES</DistanceUnitOfMeasureEnumVal>
		<SchedulingValidFlag>true</SchedulingValidFlag>
		<ServiceGradeCode>0</ServiceGradeCode>
		<FreightAuctionEligibilityEnumVal>FRHTAUCTELGB_NONE</FreightAuctionEligibilityEnumVal>
	</RateShopEntry>
	<RateShopEntry>
		<TariffID>11747</TariffID>
		<TariffCode>PTAR114</TariffCode>
		<CarrierCode>PCAR114</CarrierCode>
		<CarrierDescription>PCAR114 For PreBook Test</CarrierDescription>
		<ServiceCode>TL</ServiceCode>
		<ServiceDescription>Truckload</ServiceDescription>
		<RateCode>*</RateCode>
		<LaneID>44452</LaneID>
		<EquipmentTypeCode>*DFT</EquipmentTypeCode>
		<EquipmentTypeDescription>default</EquipmentTypeDescription>
		<ChargeAmount>305.71</ChargeAmount>
		<ChargeAmountInTariffCurrency>305.71</ChargeAmountInTariffCurrency>
		<CurrencyCode>USD</CurrencyCode>
		<ExchangeRate>1</ExchangeRate>
		<TotalDistance>30.6</TotalDistance>
		<TotalDistanceInTariffUOM>49.2</TotalDistanceInTariffUOM>
		<DistanceUnitOfMeasureEnumVal>UMD_MILES</DistanceUnitOfMeasureEnumVal>
		<SchedulingValidFlag>true</SchedulingValidFlag>
		<ServiceGradeCode>0</ServiceGradeCode>
		<FreightAuctionEligibilityEnumVal>FRHTAUCTELGB_NONE</FreightAuctionEligibilityEnumVal>
	</RateShopEntry>
	<RateShopEntry>
		<TariffID>11748</TariffID>
		<TariffCode>PTAR115</TariffCode>
		<CarrierCode>PCAR115</CarrierCode>
		<CarrierDescription>PCAR115 For PreBook Test</CarrierDescription>
		<ServiceCode>TL</ServiceCode>
		<ServiceDescription>Truckload</ServiceDescription>
		<RateCode>*</RateCode>
		<LaneID>44454</LaneID>
		<EquipmentTypeCode>*DFT</EquipmentTypeCode>
		<EquipmentTypeDescription>default</EquipmentTypeDescription>
		<ChargeAmount>305.71</ChargeAmount>
		<ChargeAmountInTariffCurrency>305.71</ChargeAmountInTariffCurrency>
		<CurrencyCode>USD</CurrencyCode>
		<ExchangeRate>1</ExchangeRate>
		<TotalDistance>30.6</TotalDistance>
		<TotalDistanceInTariffUOM>49.2</TotalDistanceInTariffUOM>
		<DistanceUnitOfMeasureEnumVal>UMD_MILES</DistanceUnitOfMeasureEnumVal>
		<SchedulingValidFlag>true</SchedulingValidFlag>
		<ServiceGradeCode>0</ServiceGradeCode>
		<FreightAuctionEligibilityEnumVal>FRHTAUCTELGB_NONE</FreightAuctionEligibilityEnumVal>
	</RateShopEntry>
	<RateShopEntry>
		<TariffID>12075</TariffID>
		<TariffCode>PMSDTAR</TariffCode>
		<CarrierCode>PMSDCAR-DIV</CarrierCode>
		<CarrierDescription>PM Carrier 1</CarrierDescription>
		<ServiceCode>TL</ServiceCode>
		<ServiceDescription>Truckload</ServiceDescription>
		<RateCode>*</RateCode>
		<LaneID>45108</LaneID>
		<EquipmentTypeCode>*DFT</EquipmentTypeCode>
		<EquipmentTypeDescription>default</EquipmentTypeDescription>
		<ChargeAmount>305.71</ChargeAmount>
		<ChargeAmountInTariffCurrency>305.71</ChargeAmountInTariffCurrency>
		<CurrencyCode>USD</CurrencyCode>
		<ExchangeRate>1</ExchangeRate>
		<TotalDistance>30.6</TotalDistance>
		<TotalDistanceInTariffUOM>49.2</TotalDistanceInTariffUOM>
		<DistanceUnitOfMeasureEnumVal>UMD_MILES</DistanceUnitOfMeasureEnumVal>
		<SchedulingValidFlag>true</SchedulingValidFlag>
		<ServiceGradeCode>0</ServiceGradeCode>
		<FreightAuctionEligibilityEnumVal>FRHTAUCTELGB_NONE</FreightAuctionEligibilityEnumVal>
	</RateShopEntry>
	<RateShopEntry>
		<TariffID>12553</TariffID>
		<TariffCode>10-4TAR1</TariffCode>
		<CarrierCode>10-4PSR-1</CarrierCode>
		<CarrierDescription>Carrier For 10-4-PSR 1</CarrierDescription>
		<ServiceCode>TL</ServiceCode>
		<ServiceDescription>Truckload</ServiceDescription>
		<RateCode>*</RateCode>
		<LaneID>45667</LaneID>
		<EquipmentTypeCode>*DFT</EquipmentTypeCode>
		<EquipmentTypeDescription>default</EquipmentTypeDescription>
		<ChargeAmount>305.71</ChargeAmount>
		<ChargeAmountInTariffCurrency>305.71</ChargeAmountInTariffCurrency>
		<CurrencyCode>USD</CurrencyCode>
		<ExchangeRate>1</ExchangeRate>
		<TotalDistance>30.6</TotalDistance>
		<TotalDistanceInTariffUOM>49.2</TotalDistanceInTariffUOM>
		<DistanceUnitOfMeasureEnumVal>UMD_MILES</DistanceUnitOfMeasureEnumVal>
		<SchedulingValidFlag>true</SchedulingValidFlag>
		<ServiceGradeCode>0</ServiceGradeCode>
		<FreightAuctionEligibilityEnumVal>FRHTAUCTELGB_NONE</FreightAuctionEligibilityEnumVal>
	</RateShopEntry>
	<RateShopEntry>
		<TariffID>12554</TariffID>
		<TariffCode>10-4TAR2</TariffCode>
		<CarrierCode>10-4PSR-2</CarrierCode>
		<CarrierDescription>Carrier For 10-4-PSR 2</CarrierDescription>
		<ServiceCode>TL</ServiceCode>
		<ServiceDescription>Truckload</ServiceDescription>
		<RateCode>*</RateCode>
		<LaneID>45673</LaneID>
		<EquipmentTypeCode>*DFT</EquipmentTypeCode>
		<EquipmentTypeDescription>default</EquipmentTypeDescription>
		<ChargeAmount>305.71</ChargeAmount>
		<ChargeAmountInTariffCurrency>305.71</ChargeAmountInTariffCurrency>
		<CurrencyCode>USD</CurrencyCode>
		<ExchangeRate>1</ExchangeRate>
		<TotalDistance>30.6</TotalDistance>
		<TotalDistanceInTariffUOM>49.2</TotalDistanceInTariffUOM>
		<DistanceUnitOfMeasureEnumVal>UMD_MILES</DistanceUnitOfMeasureEnumVal>
		<SchedulingValidFlag>true</SchedulingValidFlag>
		<ServiceGradeCode>0</ServiceGradeCode>
		<FreightAuctionEligibilityEnumVal>FRHTAUCTELGB_NONE</FreightAuctionEligibilityEnumVal>
	</RateShopEntry>
	<RateShopEntry>
		<TariffID>12555</TariffID>
		<TariffCode>MPTAR1</TariffCode>
		<CarrierCode>MPCAR1</CarrierCode>
		<CarrierDescription>Carrier For MacroPoint 1</CarrierDescription>
		<ServiceCode>TL</ServiceCode>
		<ServiceDescription>Truckload</ServiceDescription>
		<RateCode>*</RateCode>
		<LaneID>45677</LaneID>
		<EquipmentTypeCode>*DFT</EquipmentTypeCode>
		<EquipmentTypeDescription>default</EquipmentTypeDescription>
		<ChargeAmount>305.71</ChargeAmount>
		<ChargeAmountInTariffCurrency>305.71</ChargeAmountInTariffCurrency>
		<CurrencyCode>USD</CurrencyCode>
		<ExchangeRate>1</ExchangeRate>
		<TotalDistance>30.6</TotalDistance>
		<TotalDistanceInTariffUOM>49.2</TotalDistanceInTariffUOM>
		<DistanceUnitOfMeasureEnumVal>UMD_MILES</DistanceUnitOfMeasureEnumVal>
		<SchedulingValidFlag>true</SchedulingValidFlag>
		<ServiceGradeCode>0</ServiceGradeCode>
		<FreightAuctionEligibilityEnumVal>FRHTAUCTELGB_NONE</FreightAuctionEligibilityEnumVal>
	</RateShopEntry>
	<RateShopEntry>
		<TariffID>12556</TariffID>
		<TariffCode>MPTAR2</TariffCode>
		<CarrierCode>MPCAR2</CarrierCode>
		<CarrierDescription>Carrier For MacroPoint 2</CarrierDescription>
		<ServiceCode>TL</ServiceCode>
		<ServiceDescription>Truckload</ServiceDescription>
		<RateCode>*</RateCode>
		<LaneID>45681</LaneID>
		<EquipmentTypeCode>*DFT</EquipmentTypeCode>
		<EquipmentTypeDescription>default</EquipmentTypeDescription>
		<ChargeAmount>305.71</ChargeAmount>
		<ChargeAmountInTariffCurrency>305.71</ChargeAmountInTariffCurrency>
		<CurrencyCode>USD</CurrencyCode>
		<ExchangeRate>1</ExchangeRate>
		<TotalDistance>30.6</TotalDistance>
		<TotalDistanceInTariffUOM>49.2</TotalDistanceInTariffUOM>
		<DistanceUnitOfMeasureEnumVal>UMD_MILES</DistanceUnitOfMeasureEnumVal>
		<SchedulingValidFlag>true</SchedulingValidFlag>
		<ServiceGradeCode>0</ServiceGradeCode>
		<FreightAuctionEligibilityEnumVal>FRHTAUCTELGB_NONE</FreightAuctionEligibilityEnumVal>
	</RateShopEntry>
	<RateShopEntry>
		<TariffID>12157</TariffID>
		<TariffCode>TARR633_4666</TariffCode>
		<CarrierCode>CARR633_4666</CarrierCode>
		<CarrierDescription>PM Carrier for Testing 633 Section CSF4666</CarrierDescription>
		<ServiceCode>TL</ServiceCode>
		<ServiceDescription>Truckload</ServiceDescription>
		<RateCode>*</RateCode>
		<LaneID>45273</LaneID>
		<EquipmentTypeCode>*DFT</EquipmentTypeCode>
		<EquipmentTypeDescription>default</EquipmentTypeDescription>
		<ChargeAmount>1681.43</ChargeAmount>
		<ChargeAmountInTariffCurrency>1681.43</ChargeAmountInTariffCurrency>
		<CurrencyCode>USD</CurrencyCode>
		<ExchangeRate>1</ExchangeRate>
		<TotalDistance>30.6</TotalDistance>
		<TotalDistanceInTariffUOM>49.2</TotalDistanceInTariffUOM>
		<DistanceUnitOfMeasureEnumVal>UMD_MILES</DistanceUnitOfMeasureEnumVal>
		<SchedulingValidFlag>true</SchedulingValidFlag>
		<ServiceGradeCode>0</ServiceGradeCode>
		<FreightAuctionEligibilityEnumVal>FRHTAUCTELGB_NONE</FreightAuctionEligibilityEnumVal>
	</RateShopEntry>
	<RateShopEntry>
		<TariffID>12159</TariffID>
		<TariffCode>TARR6335_4666</TariffCode>
		<CarrierCode>CARR6335_4666</CarrierCode>
		<CarrierDescription>PM Carrier for Testing 6335 Section CSF4666</CarrierDescription>
		<ServiceCode>TL</ServiceCode>
		<ServiceDescription>Truckload</ServiceDescription>
		<RateCode>*</RateCode>
		<LaneID>45277</LaneID>
		<EquipmentTypeCode>*DFT</EquipmentTypeCode>
		<EquipmentTypeDescription>default</EquipmentTypeDescription>
		<ChargeAmount>1681.43</ChargeAmount>
		<ChargeAmountInTariffCurrency>1681.43</ChargeAmountInTariffCurrency>
		<CurrencyCode>USD</CurrencyCode>
		<ExchangeRate>1</ExchangeRate>
		<TotalDistance>30.6</TotalDistance>
		<TotalDistanceInTariffUOM>49.2</TotalDistanceInTariffUOM>
		<DistanceUnitOfMeasureEnumVal>UMD_MILES</DistanceUnitOfMeasureEnumVal>
		<SchedulingValidFlag>true</SchedulingValidFlag>
		<ServiceGradeCode>0</ServiceGradeCode>
		<FreightAuctionEligibilityEnumVal>FRHTAUCTELGB_NONE</FreightAuctionEligibilityEnumVal>
	</RateShopEntry>
	<RateShopEntry>
		<TariffID>12213</TariffID>
		<TariffCode>TRIPFOR4666</TariffCode>
		<CarrierCode>CARR6335_4666</CarrierCode>
		<CarrierDescription>PM Carrier for Testing 6335 Section CSF4666</CarrierDescription>
		<ServiceCode>TL</ServiceCode>
		<ServiceDescription>Truckload</ServiceDescription>
		<RateCode>*</RateCode>
		<LaneID>45326</LaneID>
		<EquipmentTypeCode>*DFT</EquipmentTypeCode>
		<EquipmentTypeDescription>default</EquipmentTypeDescription>
		<ChargeAmount>1681.43</ChargeAmount>
		<ChargeAmountInTariffCurrency>1681.43</ChargeAmountInTariffCurrency>
		<CurrencyCode>USD</CurrencyCode>
		<ExchangeRate>1</ExchangeRate>
		<TotalDistance>30.6</TotalDistance>
		<TotalDistanceInTariffUOM>49.2</TotalDistanceInTariffUOM>
		<DistanceUnitOfMeasureEnumVal>UMD_MILES</DistanceUnitOfMeasureEnumVal>
		<SchedulingValidFlag>true</SchedulingValidFlag>
		<ServiceGradeCode>0</ServiceGradeCode>
		<FreightAuctionEligibilityEnumVal>FRHTAUCTELGB_NONE</FreightAuctionEligibilityEnumVal>
	</RateShopEntry>
	<RateShopEntry>
		<TariffID>12158</TariffID>
		<TariffCode>TARR6334_4666</TariffCode>
		<CarrierCode>CARR6334_4666</CarrierCode>
		<CarrierDescription>PM Carrier for Testing 6334 Section CSF4666</CarrierDescription>
		<ServiceCode>TL</ServiceCode>
		<ServiceDescription>Truckload</ServiceDescription>
		<RateCode>*</RateCode>
		<LaneID>45275</LaneID>
		<EquipmentTypeCode>*DFT</EquipmentTypeCode>
		<EquipmentTypeDescription>default</EquipmentTypeDescription>
		<ChargeAmount>1742.57</ChargeAmount>
		<ChargeAmountInTariffCurrency>1742.57</ChargeAmountInTariffCurrency>
		<CurrencyCode>USD</CurrencyCode>
		<ExchangeRate>1</ExchangeRate>
		<TotalDistance>30.6</TotalDistance>
		<TotalDistanceInTariffUOM>49.2</TotalDistanceInTariffUOM>
		<DistanceUnitOfMeasureEnumVal>UMD_MILES</DistanceUnitOfMeasureEnumVal>
		<SchedulingValidFlag>true</SchedulingValidFlag>
		<ServiceGradeCode>0</ServiceGradeCode>
		<FreightAuctionEligibilityEnumVal>FRHTAUCTELGB_NONE</FreightAuctionEligibilityEnumVal>
	</RateShopEntry>
	<RateShopEntry>
		<TariffID>12193</TariffID>
		<TariffCode>TARR6336_4666</TariffCode>
		<CarrierCode>CARR6336_4666</CarrierCode>
		<CarrierDescription>PM Carrier for Testing 6336 Section CSF4666</CarrierDescription>
		<ServiceCode>TL</ServiceCode>
		<ServiceDescription>Truckload</ServiceDescription>
		<RateCode>*</RateCode>
		<LaneID>45306</LaneID>
		<EquipmentTypeCode>*DFT</EquipmentTypeCode>
		<EquipmentTypeDescription>default</EquipmentTypeDescription>
		<ChargeAmount>1742.57</ChargeAmount>
		<ChargeAmountInTariffCurrency>1742.57</ChargeAmountInTariffCurrency>
		<CurrencyCode>USD</CurrencyCode>
		<ExchangeRate>1</ExchangeRate>
		<TotalDistance>30.6</TotalDistance>
		<TotalDistanceInTariffUOM>49.2</TotalDistanceInTariffUOM>
		<DistanceUnitOfMeasureEnumVal>UMD_MILES</DistanceUnitOfMeasureEnumVal>
		<SchedulingValidFlag>true</SchedulingValidFlag>
		<ServiceGradeCode>0</ServiceGradeCode>
		<FreightAuctionEligibilityEnumVal>FRHTAUCTELGB_NONE</FreightAuctionEligibilityEnumVal>
	</RateShopEntry>
	<RateShopEntry>
		<TariffID>12194</TariffID>
		<TariffCode>TARR6337_4666</TariffCode>
		<CarrierCode>CARR6337_4666</CarrierCode>
		<CarrierDescription>PM Carrier for Testing 6337 Section CSF4666</CarrierDescription>
		<ServiceCode>TL</ServiceCode>
		<ServiceDescription>Truckload</ServiceDescription>
		<RateCode>*</RateCode>
		<LaneID>45308</LaneID>
		<EquipmentTypeCode>*DFT</EquipmentTypeCode>
		<EquipmentTypeDescription>default</EquipmentTypeDescription>
		<ChargeAmount>1742.57</ChargeAmount>
		<ChargeAmountInTariffCurrency>1742.57</ChargeAmountInTariffCurrency>
		<CurrencyCode>USD</CurrencyCode>
		<ExchangeRate>1</ExchangeRate>
		<TotalDistance>30.6</TotalDistance>
		<TotalDistanceInTariffUOM>49.2</TotalDistanceInTariffUOM>
		<DistanceUnitOfMeasureEnumVal>UMD_MILES</DistanceUnitOfMeasureEnumVal>
		<SchedulingValidFlag>true</SchedulingValidFlag>
		<ServiceGradeCode>0</ServiceGradeCode>
		<FreightAuctionEligibilityEnumVal>FRHTAUCTELGB_NONE</FreightAuctionEligibilityEnumVal>
	</RateShopEntry>
	<RateShopEntry>
		<TariffID>12195</TariffID>
		<TariffCode>TARR63310_4666</TariffCode>
		<CarrierCode>CARR63310_4666</CarrierCode>
		<CarrierDescription>PM Carrier for Testing 63310 Section CSF4666</CarrierDescription>
		<ServiceCode>TL</ServiceCode>
		<ServiceDescription>Truckload</ServiceDescription>
		<RateCode>*</RateCode>
		<LaneID>45312</LaneID>
		<EquipmentTypeCode>*DFT</EquipmentTypeCode>
		<EquipmentTypeDescription>default</EquipmentTypeDescription>
		<ChargeAmount>2173.29</ChargeAmount>
		<ChargeAmountInTariffCurrency>2173.29</ChargeAmountInTariffCurrency>
		<CurrencyCode>USD</CurrencyCode>
		<ExchangeRate>1</ExchangeRate>
		<TotalDistance>30.6</TotalDistance>
		<TotalDistanceInTariffUOM>49.2</TotalDistanceInTariffUOM>
		<DistanceUnitOfMeasureEnumVal>UMD_MILES</DistanceUnitOfMeasureEnumVal>
		<SchedulingValidFlag>true</SchedulingValidFlag>
		<ServiceGradeCode>0</ServiceGradeCode>
		<FreightAuctionEligibilityEnumVal>FRHTAUCTELGB_NONE</FreightAuctionEligibilityEnumVal>
	</RateShopEntry>
	<RateShopEntry>
		<TariffID>12154</TariffID>
		<TariffCode>PTAR-NO-DIV-2</TariffCode>
		<CarrierCode>PCAR-NO-DIV-2</CarrierCode>
		<CarrierDescription>PM Carrier Without Division</CarrierDescription>
		<ServiceCode>TL</ServiceCode>
		<ServiceDescription>Truckload</ServiceDescription>
		<RateCode>*</RateCode>
		<LaneID>45269</LaneID>
		<EquipmentTypeCode>*DFT</EquipmentTypeCode>
		<EquipmentTypeDescription>default</EquipmentTypeDescription>
		<ChargeAmount>3057.15</ChargeAmount>
		<ChargeAmountInTariffCurrency>3057.15</ChargeAmountInTariffCurrency>
		<CurrencyCode>USD</CurrencyCode>
		<ExchangeRate>1</ExchangeRate>
		<TotalDistance>30.6</TotalDistance>
		<TotalDistanceInTariffUOM>49.2</TotalDistanceInTariffUOM>
		<DistanceUnitOfMeasureEnumVal>UMD_MILES</DistanceUnitOfMeasureEnumVal>
		<SchedulingValidFlag>true</SchedulingValidFlag>
		<ServiceGradeCode>0</ServiceGradeCode>
		<FreightAuctionEligibilityEnumVal>FRHTAUCTELGB_NONE</FreightAuctionEligibilityEnumVal>
	</RateShopEntry>
	<RateShopEntry>
		<TariffID>12156</TariffID>
		<TariffCode>PTAR-NO-DIV-PL</TariffCode>
		<CarrierCode>PCAR-NO-DIV-PL</CarrierCode>
		<CarrierDescription>PM Carrier Without Division For Pre Loading</CarrierDescription>
		<ServiceCode>TL</ServiceCode>
		<ServiceDescription>Truckload</ServiceDescription>
		<RateCode>*</RateCode>
		<LaneID>45272</LaneID>
		<EquipmentTypeCode>*DFT</EquipmentTypeCode>
		<EquipmentTypeDescription>default</EquipmentTypeDescription>
		<ChargeAmount>3057.15</ChargeAmount>
		<ChargeAmountInTariffCurrency>3057.15</ChargeAmountInTariffCurrency>
		<CurrencyCode>USD</CurrencyCode>
		<ExchangeRate>1</ExchangeRate>
		<TotalDistance>30.6</TotalDistance>
		<TotalDistanceInTariffUOM>49.2</TotalDistanceInTariffUOM>
		<DistanceUnitOfMeasureEnumVal>UMD_MILES</DistanceUnitOfMeasureEnumVal>
		<SchedulingValidFlag>true</SchedulingValidFlag>
		<ServiceGradeCode>0</ServiceGradeCode>
		<FreightAuctionEligibilityEnumVal>FRHTAUCTELGB_NONE</FreightAuctionEligibilityEnumVal>
	</RateShopEntry>
	<RateShopEntry>
		<TariffID>11154</TariffID>
		<TariffCode>PTAR-4643-2</TariffCode>
		<CarrierCode>4643CAR1</CarrierCode>
		<CarrierDescription>4643CAR1</CarrierDescription>
		<ServiceCode>TL</ServiceCode>
		<ServiceDescription>Truckload</ServiceDescription>
		<RateCode>*</RateCode>
		<LaneID>43810</LaneID>
		<EquipmentTypeCode>*DFT</EquipmentTypeCode>
		<EquipmentTypeDescription>default</EquipmentTypeDescription>
		<ChargeAmount>20000</ChargeAmount>
		<ChargeAmountInTariffCurrency>20000</ChargeAmountInTariffCurrency>
		<CurrencyCode>USD</CurrencyCode>
		<ExchangeRate>1</ExchangeRate>
		<TotalDistance>30.6</TotalDistance>
		<TotalDistanceInTariffUOM>49.2</TotalDistanceInTariffUOM>
		<DistanceUnitOfMeasureEnumVal>UMD_MILES</DistanceUnitOfMeasureEnumVal>
		<SchedulingValidFlag>true</SchedulingValidFlag>
		<ServiceGradeCode>0</ServiceGradeCode>
		<FreightAuctionEligibilityEnumVal>FRHTAUCTELGB_NONE</FreightAuctionEligibilityEnumVal>
	</RateShopEntry>
	<RateShopEntry>
		<TariffID>11515</TariffID>
		<TariffCode>PTAR-TRP-4657</TariffCode>
		<CarrierCode>PCAR-TRIP-4657</CarrierCode>
		<CarrierDescription>PCAR-TRIP-4657</CarrierDescription>
		<ServiceCode>TL</ServiceCode>
		<ServiceDescription>Truckload</ServiceDescription>
		<RateCode>*</RateCode>
		<LaneID>44171</LaneID>
		<EquipmentTypeCode>*DFT</EquipmentTypeCode>
		<EquipmentTypeDescription>default</EquipmentTypeDescription>
		<ChargeAmount>20000</ChargeAmount>
		<ChargeAmountInTariffCurrency>20000</ChargeAmountInTariffCurrency>
		<CurrencyCode>USD</CurrencyCode>
		<ExchangeRate>1</ExchangeRate>
		<TotalDistance>30.6</TotalDistance>
		<TotalDistanceInTariffUOM>49.2</TotalDistanceInTariffUOM>
		<DistanceUnitOfMeasureEnumVal>UMD_MILES</DistanceUnitOfMeasureEnumVal>
		<SchedulingValidFlag>true</SchedulingValidFlag>
		<ServiceGradeCode>0</ServiceGradeCode>
		<FreightAuctionEligibilityEnumVal>FRHTAUCTELGB_NONE</FreightAuctionEligibilityEnumVal>
	</RateShopEntry>
	<RateShopEntry>
		<TariffID>11516</TariffID>
		<TariffCode>PTAR-4657-DOM</TariffCode>
		<CarrierCode>PCAR-4657-DOM</CarrierCode>
		<CarrierDescription>PCAR-4657-DOM</CarrierDescription>
		<ServiceCode>TL</ServiceCode>
		<ServiceDescription>Truckload</ServiceDescription>
		<RateCode>RT</RateCode>
		<LaneID>44173</LaneID>
		<EquipmentTypeCode>PMTRL</EquipmentTypeCode>
		<EquipmentTypeDescription>PM TRAILER</EquipmentTypeDescription>
		<TractorEquipmentTypeCode>PMTRC</TractorEquipmentTypeCode>
		<TractorEquipmentTypeDescription>PM TRACTOR</TractorEquipmentTypeDescription>
		<DomicileCode>4657-DOM-TRACTOR</DomicileCode>
		<DomicileName>4657-DOM-TRACTOR</DomicileName>
		<DomicileTrailerCode>4669-DOM-TRACTOR</DomicileTrailerCode>
		<DomicileTrailerName>4669-DOM-TRACTOR</DomicileTrailerName>
		<ChargeAmount>6114.29</ChargeAmount>
		<ChargeAmountInTariffCurrency>6114.29</ChargeAmountInTariffCurrency>
		<CurrencyCode>USD</CurrencyCode>
		<ExchangeRate>1</ExchangeRate>
		<TotalDistance>61.1</TotalDistance>
		<TotalDistanceInTariffUOM>98.3</TotalDistanceInTariffUOM>
		<DistanceUnitOfMeasureEnumVal>UMD_MILES</DistanceUnitOfMeasureEnumVal>
		<SchedulingValidFlag>true</SchedulingValidFlag>
		<ServiceGradeCode>0</ServiceGradeCode>
		<FreightAuctionEligibilityEnumVal>FRHTAUCTELGB_NONE</FreightAuctionEligibilityEnumVal>
	</RateShopEntry>
	<RateShopEntry>
		<TariffID>11635</TariffID>
		<TariffCode>PTAR-4657-WGT</TariffCode>
		<CarrierCode>PCAR-4657-WGT</CarrierCode>
		<CarrierDescription>For Weight Based Tariff</CarrierDescription>
		<ServiceCode>TL</ServiceCode>
		<ServiceDescription>Truckload</ServiceDescription>
		<RateCode>WGT</RateCode>
		<LaneID>44328</LaneID>
		<EquipmentTypeCode>*DFT</EquipmentTypeCode>
		<EquipmentTypeDescription>default</EquipmentTypeDescription>
		<ChargeAmount>80000</ChargeAmount>
		<ChargeAmountInTariffCurrency>80000</ChargeAmountInTariffCurrency>
		<CurrencyCode>USD</CurrencyCode>
		<ExchangeRate>1</ExchangeRate>
		<TotalDistance>30.6</TotalDistance>
		<TotalDistanceInTariffUOM>49.2</TotalDistanceInTariffUOM>
		<DistanceUnitOfMeasureEnumVal>UMD_MILES</DistanceUnitOfMeasureEnumVal>
		<SchedulingValidFlag>true</SchedulingValidFlag>
		<ServiceGradeCode>0</ServiceGradeCode>
		<FreightAuctionEligibilityEnumVal>FRHTAUCTELGB_NONE</FreightAuctionEligibilityEnumVal>
	</RateShopEntry>
	<RateShopEntry>
		<TariffID>11637</TariffID>
		<TariffCode>PTAR-4657-SKID</TariffCode>
		<CarrierCode>PCAR-4657-SKID</CarrierCode>
		<CarrierDescription>For Pallet Based Tariff</CarrierDescription>
		<ServiceCode>TL</ServiceCode>
		<ServiceDescription>Truckload</ServiceDescription>
		<RateCode>SKID</RateCode>
		<LaneID>44330</LaneID>
		<EquipmentTypeCode>*DFT</EquipmentTypeCode>
		<EquipmentTypeDescription>default</EquipmentTypeDescription>
		<ChargeAmount>80000</ChargeAmount>
		<ChargeAmountInTariffCurrency>80000</ChargeAmountInTariffCurrency>
		<CurrencyCode>USD</CurrencyCode>
		<ExchangeRate>1</ExchangeRate>
		<TotalDistance>30.6</TotalDistance>
		<TotalDistanceInTariffUOM>49.2</TotalDistanceInTariffUOM>
		<DistanceUnitOfMeasureEnumVal>UMD_MILES</DistanceUnitOfMeasureEnumVal>
		<SchedulingValidFlag>true</SchedulingValidFlag>
		<ServiceGradeCode>0</ServiceGradeCode>
		<FreightAuctionEligibilityEnumVal>FRHTAUCTELGB_NONE</FreightAuctionEligibilityEnumVal>
	</RateShopEntry>
	<RateShopEntry>
		<TariffID>12173</TariffID>
		<TariffCode>PTAR_SLC1</TariffCode>
		<CarrierCode>PCAR_SLC1</CarrierCode>
		<CarrierDescription>PM Carrier for Testing Shipment leg Container Voucher.</CarrierDescription>
		<ServiceCode>LTL</ServiceCode>
		<ServiceDescription>Less Than Truckload</ServiceDescription>
		<RateCode>RATE</RateCode>
		<LaneID>45287</LaneID>
		<EquipmentTypeCode>*DFT</EquipmentTypeCode>
		<EquipmentTypeDescription>default</EquipmentTypeDescription>
		<ChargeAmount>800000</ChargeAmount>
		<ChargeAmountInTariffCurrency>800000</ChargeAmountInTariffCurrency>
		<CurrencyCode>USD</CurrencyCode>
		<ExchangeRate>1</ExchangeRate>
		<TotalDistance>30.6</TotalDistance>
		<TotalDistanceInTariffUOM>49.2</TotalDistanceInTariffUOM>
		<DistanceUnitOfMeasureEnumVal>UMD_MILES</DistanceUnitOfMeasureEnumVal>
		<SchedulingValidFlag>true</SchedulingValidFlag>
		<ServiceGradeCode>0</ServiceGradeCode>
		<FreightAuctionEligibilityEnumVal>FRHTAUCTELGB_NONE</FreightAuctionEligibilityEnumVal>
	</RateShopEntry>
	<RateShopEntry>
		<TariffID>12174</TariffID>
		<TariffCode>PTAR_SLC2</TariffCode>
		<CarrierCode>PCAR_SLC2</CarrierCode>
		<CarrierDescription>PM Carrier for Testing Shipment leg Container Voucher.</CarrierDescription>
		<ServiceCode>LTL</ServiceCode>
		<ServiceDescription>Less Than Truckload</ServiceDescription>
		<RateCode>RATE</RateCode>
		<LaneID>45289</LaneID>
		<EquipmentTypeCode>*DFT</EquipmentTypeCode>
		<EquipmentTypeDescription>default</EquipmentTypeDescription>
		<ChargeAmount>800000</ChargeAmount>
		<ChargeAmountInTariffCurrency>800000</ChargeAmountInTariffCurrency>
		<CurrencyCode>USD</CurrencyCode>
		<ExchangeRate>1</ExchangeRate>
		<TotalDistance>30.6</TotalDistance>
		<TotalDistanceInTariffUOM>49.2</TotalDistanceInTariffUOM>
		<DistanceUnitOfMeasureEnumVal>UMD_MILES</DistanceUnitOfMeasureEnumVal>
		<SchedulingValidFlag>true</SchedulingValidFlag>
		<ServiceGradeCode>0</ServiceGradeCode>
		<FreightAuctionEligibilityEnumVal>FRHTAUCTELGB_NONE</FreightAuctionEligibilityEnumVal>
	</RateShopEntry>
	<RateShopEntry>
		<TariffID>12155</TariffID>
		<TariffCode>PTAR-NO-DIV-3</TariffCode>
		<CarrierCode>PCAR-NO-DIV-2</CarrierCode>
		<CarrierDescription>PM Carrier Without Division</CarrierDescription>
		<ServiceCode>TL</ServiceCode>
		<ServiceDescription>Truckload</ServiceDescription>
		<RateCode>SKID</RateCode>
		<LaneID>45270</LaneID>
		<EquipmentTypeCode>*DFT</EquipmentTypeCode>
		<EquipmentTypeDescription>default</EquipmentTypeDescription>
		<ChargeAmount>8000000</ChargeAmount>
		<ChargeAmountInTariffCurrency>8000000</ChargeAmountInTariffCurrency>
		<CurrencyCode>USD</CurrencyCode>
		<ExchangeRate>1</ExchangeRate>
		<TotalDistance>30.6</TotalDistance>
		<TotalDistanceInTariffUOM>49.2</TotalDistanceInTariffUOM>
		<DistanceUnitOfMeasureEnumVal>UMD_MILES</DistanceUnitOfMeasureEnumVal>
		<SchedulingValidFlag>true</SchedulingValidFlag>
		<ServiceGradeCode>0</ServiceGradeCode>
		<FreightAuctionEligibilityEnumVal>FRHTAUCTELGB_NONE</FreightAuctionEligibilityEnumVal>
	</RateShopEntry>
</CISDocument>

